[2024-11-12T07:29:35.022+0000] {manager.py:483} INFO - Processing files using up to 1 processes at a time 
[2024-11-12T07:29:35.023+0000] {manager.py:484} INFO - Process each file at most once every 30 seconds
[2024-11-12T07:29:35.024+0000] {manager.py:486} INFO - Checking for new files in /opt/airflow/dags every 300 seconds
[2024-11-12T07:29:35.025+0000] {manager.py:726} INFO - Searching for files in /opt/airflow/dags
[2024-11-12T07:29:35.028+0000] {manager.py:729} INFO - There are 0 files in /opt/airflow/dags
[2024-11-12T07:34:35.087+0000] {manager.py:726} INFO - Searching for files in /opt/airflow/dags
[2024-11-12T07:34:35.166+0000] {manager.py:729} INFO - There are 2 files in /opt/airflow/dags
[2024-11-12T07:34:36.457+0000] {manager.py:851} INFO - 
================================================================================
DAG File Processing Stats

File Path                                     PID    Runtime      # DAGs    # Errors  Last Runtime    Last Run
--------------------------------------------  -----  ---------  --------  ----------  --------------  -------------------
/opt/airflow/dags/svm_dag.py                                           0           1  0.22s           2024-11-12T07:34:35
/opt/airflow/dags/logistic_regression_dag.py                           0           1  0.11s           2024-11-12T07:34:36
================================================================================
[2024-11-12T07:35:06.636+0000] {manager.py:851} INFO - 
================================================================================
DAG File Processing Stats

File Path                                     PID    Runtime      # DAGs    # Errors  Last Runtime    Last Run
--------------------------------------------  -----  ---------  --------  ----------  --------------  -------------------
/opt/airflow/dags/svm_dag.py                                           0           1  0.10s           2024-11-12T07:35:05
/opt/airflow/dags/logistic_regression_dag.py                           0           1  0.11s           2024-11-12T07:35:06
================================================================================
[2024-11-12T07:35:36.725+0000] {manager.py:851} INFO - 
================================================================================
DAG File Processing Stats

File Path                                     PID    Runtime      # DAGs    # Errors  Last Runtime    Last Run
--------------------------------------------  -----  ---------  --------  ----------  --------------  -------------------
/opt/airflow/dags/svm_dag.py                                           0           1  0.11s           2024-11-12T07:35:36
/opt/airflow/dags/logistic_regression_dag.py                           0           1  0.11s           2024-11-12T07:35:06
================================================================================
[2024-11-12T07:36:07.021+0000] {manager.py:851} INFO - 
================================================================================
DAG File Processing Stats

File Path                                     PID    Runtime      # DAGs    # Errors  Last Runtime    Last Run
--------------------------------------------  -----  ---------  --------  ----------  --------------  -------------------
/opt/airflow/dags/svm_dag.py                                           0           1  0.21s           2024-11-12T07:36:07
/opt/airflow/dags/logistic_regression_dag.py                           0           1  0.11s           2024-11-12T07:35:37
================================================================================
[2024-11-12T07:36:37.247+0000] {manager.py:851} INFO - 
================================================================================
DAG File Processing Stats

File Path                                     PID    Runtime      # DAGs    # Errors  Last Runtime    Last Run
--------------------------------------------  -----  ---------  --------  ----------  --------------  -------------------
/opt/airflow/dags/svm_dag.py                                           0           1  0.11s           2024-11-12T07:36:37
/opt/airflow/dags/logistic_regression_dag.py                           0           1  0.11s           2024-11-12T07:36:07
================================================================================
[2024-11-12T07:37:07.473+0000] {manager.py:851} INFO - 
================================================================================
DAG File Processing Stats

File Path                                     PID    Runtime      # DAGs    # Errors  Last Runtime    Last Run
--------------------------------------------  -----  ---------  --------  ----------  --------------  -------------------
/opt/airflow/dags/svm_dag.py                                           0           1  0.11s           2024-11-12T07:37:07
/opt/airflow/dags/logistic_regression_dag.py                           0           1  0.10s           2024-11-12T07:36:37
================================================================================
[2024-11-12T07:37:37.662+0000] {manager.py:851} INFO - 
================================================================================
DAG File Processing Stats

File Path                                     PID    Runtime      # DAGs    # Errors  Last Runtime    Last Run
--------------------------------------------  -----  ---------  --------  ----------  --------------  -------------------
/opt/airflow/dags/svm_dag.py                                           0           1  0.11s           2024-11-12T07:37:37
/opt/airflow/dags/logistic_regression_dag.py                           0           1  0.11s           2024-11-12T07:37:07
================================================================================
[2024-11-12T07:38:07.860+0000] {manager.py:851} INFO - 
================================================================================
DAG File Processing Stats

File Path                                     PID    Runtime      # DAGs    # Errors  Last Runtime    Last Run
--------------------------------------------  -----  ---------  --------  ----------  --------------  -------------------
/opt/airflow/dags/svm_dag.py                                           0           1  0.11s           2024-11-12T07:38:07
/opt/airflow/dags/logistic_regression_dag.py                           0           1  0.11s           2024-11-12T07:37:38
================================================================================
[2024-11-12T07:38:38.071+0000] {manager.py:851} INFO - 
================================================================================
DAG File Processing Stats

File Path                                     PID    Runtime      # DAGs    # Errors  Last Runtime    Last Run
--------------------------------------------  -----  ---------  --------  ----------  --------------  -------------------
/opt/airflow/dags/svm_dag.py                                           0           1  0.11s           2024-11-12T07:38:38
/opt/airflow/dags/logistic_regression_dag.py                           0           1  0.11s           2024-11-12T07:38:08
================================================================================
[2024-11-12T07:39:08.321+0000] {manager.py:851} INFO - 
================================================================================
DAG File Processing Stats

File Path                                     PID    Runtime      # DAGs    # Errors  Last Runtime    Last Run
--------------------------------------------  -----  ---------  --------  ----------  --------------  -------------------
/opt/airflow/dags/svm_dag.py                                           0           1  0.12s           2024-11-12T07:39:08
/opt/airflow/dags/logistic_regression_dag.py                           0           1  0.11s           2024-11-12T07:38:38
================================================================================
[2024-11-12T07:39:52.652+0000] {manager.py:483} INFO - Processing files using up to 1 processes at a time 
[2024-11-12T07:39:52.652+0000] {manager.py:484} INFO - Process each file at most once every 30 seconds
[2024-11-12T07:39:52.653+0000] {manager.py:486} INFO - Checking for new files in /opt/airflow/dags every 300 seconds
[2024-11-12T07:39:52.653+0000] {manager.py:726} INFO - Searching for files in /opt/airflow/dags
[2024-11-12T07:39:52.674+0000] {manager.py:729} INFO - There are 3 files in /opt/airflow/dags
[2024-11-12T07:39:52.957+0000] {manager.py:851} INFO - 
================================================================================
DAG File Processing Stats

File Path                                     PID    Runtime      # DAGs    # Errors  Last Runtime    Last Run
--------------------------------------------  -----  ---------  --------  ----------  --------------  -------------------
/opt/airflow/dags/svm_dag.py                                           0           0
/opt/airflow/dags/naive_bayes_dag.py                                   0           1  0.21s           2024-11-12T07:39:52
/opt/airflow/dags/logistic_regression_dag.py                           0           0
================================================================================
[2024-11-12T07:40:23.360+0000] {manager.py:851} INFO - 
================================================================================
DAG File Processing Stats

File Path                                     PID    Runtime      # DAGs    # Errors  Last Runtime    Last Run
--------------------------------------------  -----  ---------  --------  ----------  --------------  -------------------
/opt/airflow/dags/svm_dag.py                                           0           1  0.11s           2024-11-12T07:39:54
/opt/airflow/dags/naive_bayes_dag.py                                   0           1  0.31s           2024-11-12T07:40:23
/opt/airflow/dags/logistic_regression_dag.py                           0           1  0.10s           2024-11-12T07:39:55
================================================================================
[2024-11-12T07:40:53.915+0000] {manager.py:851} INFO - 
================================================================================
DAG File Processing Stats

File Path                                     PID    Runtime      # DAGs    # Errors  Last Runtime    Last Run
--------------------------------------------  -----  ---------  --------  ----------  --------------  -------------------
/opt/airflow/dags/svm_dag.py                                           0           1  0.21s           2024-11-12T07:40:24
/opt/airflow/dags/naive_bayes_dag.py                                   0           1  0.11s           2024-11-12T07:40:53
/opt/airflow/dags/logistic_regression_dag.py                           0           1  0.21s           2024-11-12T07:40:25
================================================================================
[2024-11-12T07:41:24.323+0000] {manager.py:851} INFO - 
================================================================================
DAG File Processing Stats

File Path                                     PID    Runtime      # DAGs    # Errors  Last Runtime    Last Run
--------------------------------------------  -----  ---------  --------  ----------  --------------  -------------------
/opt/airflow/dags/svm_dag.py                                           0           1  0.11s           2024-11-12T07:40:55
/opt/airflow/dags/naive_bayes_dag.py                                   0           1  0.11s           2024-11-12T07:41:24
/opt/airflow/dags/logistic_regression_dag.py                           0           1  0.20s           2024-11-12T07:40:56
================================================================================
[2024-11-12T07:41:54.563+0000] {manager.py:851} INFO - 
================================================================================
DAG File Processing Stats

File Path                                     PID    Runtime      # DAGs    # Errors  Last Runtime    Last Run
--------------------------------------------  -----  ---------  --------  ----------  --------------  -------------------
/opt/airflow/dags/svm_dag.py                                           0           1  0.11s           2024-11-12T07:41:25
/opt/airflow/dags/naive_bayes_dag.py                                   0           1  0.11s           2024-11-12T07:41:54
/opt/airflow/dags/logistic_regression_dag.py                           0           1  0.21s           2024-11-12T07:41:26
================================================================================
[2024-11-12T07:42:24.734+0000] {manager.py:851} INFO - 
================================================================================
DAG File Processing Stats

File Path                                     PID    Runtime      # DAGs    # Errors  Last Runtime    Last Run
--------------------------------------------  -----  ---------  --------  ----------  --------------  -------------------
/opt/airflow/dags/svm_dag.py                                           0           1  0.11s           2024-11-12T07:41:55
/opt/airflow/dags/naive_bayes_dag.py                                   0           1  0.11s           2024-11-12T07:42:24
/opt/airflow/dags/logistic_regression_dag.py                           0           1  0.11s           2024-11-12T07:41:57
================================================================================
[2024-11-12T07:43:13.232+0000] {manager.py:483} INFO - Processing files using up to 1 processes at a time 
[2024-11-12T07:43:13.232+0000] {manager.py:484} INFO - Process each file at most once every 30 seconds
[2024-11-12T07:43:13.232+0000] {manager.py:486} INFO - Checking for new files in /opt/airflow/dags every 300 seconds
[2024-11-12T07:43:13.233+0000] {manager.py:726} INFO - Searching for files in /opt/airflow/dags
[2024-11-12T07:43:13.248+0000] {manager.py:729} INFO - There are 3 files in /opt/airflow/dags
[2024-11-12T07:43:13.408+0000] {manager.py:851} INFO - 
================================================================================
DAG File Processing Stats

File Path                                     PID    Runtime      # DAGs    # Errors  Last Runtime    Last Run
--------------------------------------------  -----  ---------  --------  ----------  --------------  -------------------
/opt/airflow/dags/svm_dag.py                                           0           0
/opt/airflow/dags/naive_bayes_dag.py                                   0           1  0.11s           2024-11-12T07:43:13
/opt/airflow/dags/logistic_regression_dag.py                           0           0
================================================================================
[2024-11-12T07:43:44.592+0000] {manager.py:851} INFO - 
================================================================================
DAG File Processing Stats

File Path                                     PID    Runtime      # DAGs    # Errors  Last Runtime    Last Run
--------------------------------------------  -----  ---------  --------  ----------  --------------  -------------------
/opt/airflow/dags/svm_dag.py                                           0           1  0.22s           2024-11-12T07:43:14
/opt/airflow/dags/naive_bayes_dag.py                                   0           1  1.11s           2024-11-12T07:43:44
/opt/airflow/dags/logistic_regression_dag.py                           0           1  0.11s           2024-11-12T07:43:16
================================================================================
[2024-11-12T07:44:14.994+0000] {manager.py:851} INFO - 
================================================================================
DAG File Processing Stats

File Path                                     PID    Runtime      # DAGs    # Errors  Last Runtime    Last Run
--------------------------------------------  -----  ---------  --------  ----------  --------------  -------------------
/opt/airflow/dags/svm_dag.py                                           0           1  0.31s           2024-11-12T07:43:46
/opt/airflow/dags/naive_bayes_dag.py                                   0           1  0.11s           2024-11-12T07:44:14
/opt/airflow/dags/logistic_regression_dag.py                           0           1  0.31s           2024-11-12T07:43:47
================================================================================
[2024-11-12T07:44:45.273+0000] {manager.py:851} INFO - 
================================================================================
DAG File Processing Stats

File Path                                     PID    Runtime      # DAGs    # Errors  Last Runtime    Last Run
--------------------------------------------  -----  ---------  --------  ----------  --------------  -------------------
/opt/airflow/dags/svm_dag.py                                           0           1  0.11s           2024-11-12T07:44:16
/opt/airflow/dags/naive_bayes_dag.py                                   0           1  0.11s           2024-11-12T07:44:45
/opt/airflow/dags/logistic_regression_dag.py                           0           1  0.11s           2024-11-12T07:44:18
================================================================================
[2024-11-12T07:45:15.553+0000] {manager.py:851} INFO - 
================================================================================
DAG File Processing Stats

File Path                                     PID    Runtime      # DAGs    # Errors  Last Runtime    Last Run
--------------------------------------------  -----  ---------  --------  ----------  --------------  -------------------
/opt/airflow/dags/svm_dag.py                                           0           1  0.11s           2024-11-12T07:44:46
/opt/airflow/dags/naive_bayes_dag.py                                   0           1  0.11s           2024-11-12T07:45:15
/opt/airflow/dags/logistic_regression_dag.py                           0           1  0.10s           2024-11-12T07:44:48
================================================================================
[2024-11-12T07:45:45.805+0000] {manager.py:851} INFO - 
================================================================================
DAG File Processing Stats

File Path                                     PID    Runtime      # DAGs    # Errors  Last Runtime    Last Run
--------------------------------------------  -----  ---------  --------  ----------  --------------  -------------------
/opt/airflow/dags/svm_dag.py                                           0           1  0.11s           2024-11-12T07:45:17
/opt/airflow/dags/naive_bayes_dag.py                                   0           1  0.11s           2024-11-12T07:45:45
/opt/airflow/dags/logistic_regression_dag.py                           0           1  0.11s           2024-11-12T07:45:19
================================================================================
[2024-11-12T07:46:16.117+0000] {manager.py:851} INFO - 
================================================================================
DAG File Processing Stats

File Path                                     PID    Runtime      # DAGs    # Errors  Last Runtime    Last Run
--------------------------------------------  -----  ---------  --------  ----------  --------------  -------------------
/opt/airflow/dags/svm_dag.py                                           0           1  0.11s           2024-11-12T07:45:47
/opt/airflow/dags/naive_bayes_dag.py                                   0           1  0.15s           2024-11-12T07:46:16
/opt/airflow/dags/logistic_regression_dag.py                           0           1  0.11s           2024-11-12T07:45:49
================================================================================
[2024-11-12T07:46:46.247+0000] {manager.py:851} INFO - 
================================================================================
DAG File Processing Stats

File Path                                     PID    Runtime      # DAGs    # Errors  Last Runtime    Last Run
--------------------------------------------  -----  ---------  --------  ----------  --------------  -------------------
/opt/airflow/dags/svm_dag.py                                           0           1  0.11s           2024-11-12T07:46:18
/opt/airflow/dags/naive_bayes_dag.py                                   0           1  0.11s           2024-11-12T07:46:46
/opt/airflow/dags/logistic_regression_dag.py                           0           1  0.11s           2024-11-12T07:46:20
================================================================================
[2024-11-12T07:48:29.485+0000] {manager.py:483} INFO - Processing files using up to 1 processes at a time 
[2024-11-12T07:48:29.486+0000] {manager.py:484} INFO - Process each file at most once every 30 seconds
[2024-11-12T07:48:29.487+0000] {manager.py:486} INFO - Checking for new files in /opt/airflow/dags every 300 seconds
[2024-11-12T07:48:29.487+0000] {manager.py:726} INFO - Searching for files in /opt/airflow/dags
[2024-11-12T07:48:29.504+0000] {manager.py:729} INFO - There are 3 files in /opt/airflow/dags
[2024-11-12T07:48:31.250+0000] {manager.py:851} INFO - 
================================================================================
DAG File Processing Stats

File Path                                     PID    Runtime      # DAGs    # Errors  Last Runtime    Last Run
--------------------------------------------  -----  ---------  --------  ----------  --------------  -------------------
/opt/airflow/dags/svm_dag.py                                           0           0
/opt/airflow/dags/logistic_regression_dag.py                           0           0
/opt/airflow/dags/naive_bayes_dag.py                                   1           0  1.68s           2024-11-12T07:48:31
================================================================================
[2024-11-12T07:49:02.599+0000] {manager.py:851} INFO - 
================================================================================
DAG File Processing Stats

File Path                                     PID    Runtime      # DAGs    # Errors  Last Runtime    Last Run
--------------------------------------------  -----  ---------  --------  ----------  --------------  -------------------
/opt/airflow/dags/svm_dag.py                                           1           0  1.63s           2024-11-12T07:48:34
/opt/airflow/dags/naive_bayes_dag.py                                   1           0  1.32s           2024-11-12T07:49:02
/opt/airflow/dags/logistic_regression_dag.py                           1           0  1.33s           2024-11-12T07:48:35
================================================================================
[2024-11-12T07:49:34.130+0000] {manager.py:851} INFO - 
================================================================================
DAG File Processing Stats

File Path                                     PID    Runtime      # DAGs    # Errors  Last Runtime    Last Run
--------------------------------------------  -----  ---------  --------  ----------  --------------  -------------------
/opt/airflow/dags/svm_dag.py                                           1           0  1.12s           2024-11-12T07:49:05
/opt/airflow/dags/naive_bayes_dag.py                                   1           0  1.12s           2024-11-12T07:49:34
/opt/airflow/dags/logistic_regression_dag.py                           1           0  1.11s           2024-11-12T07:49:07
================================================================================
[2024-11-12T07:50:05.125+0000] {manager.py:851} INFO - 
================================================================================
DAG File Processing Stats

File Path                                     PID    Runtime      # DAGs    # Errors  Last Runtime    Last Run
--------------------------------------------  -----  ---------  --------  ----------  --------------  -------------------
/opt/airflow/dags/svm_dag.py                                           1           0  0.92s           2024-11-12T07:49:37
/opt/airflow/dags/naive_bayes_dag.py                                   1           0  0.92s           2024-11-12T07:50:05
/opt/airflow/dags/logistic_regression_dag.py                           1           0  1.02s           2024-11-12T07:49:39
================================================================================
[2024-11-12T07:50:36.529+0000] {manager.py:851} INFO - 
================================================================================
DAG File Processing Stats

File Path                                     PID    Runtime      # DAGs    # Errors  Last Runtime    Last Run
--------------------------------------------  -----  ---------  --------  ----------  --------------  -------------------
/opt/airflow/dags/svm_dag.py                                           1           0  0.92s           2024-11-12T07:50:08
/opt/airflow/dags/naive_bayes_dag.py                                   1           0  1.02s           2024-11-12T07:50:36
/opt/airflow/dags/logistic_regression_dag.py                           1           0  0.91s           2024-11-12T07:50:10
================================================================================
[2024-11-12T07:51:07.587+0000] {manager.py:851} INFO - 
================================================================================
DAG File Processing Stats

File Path                                     PID    Runtime      # DAGs    # Errors  Last Runtime    Last Run
--------------------------------------------  -----  ---------  --------  ----------  --------------  -------------------
/opt/airflow/dags/svm_dag.py                                           1           0  1.12s           2024-11-12T07:50:39
/opt/airflow/dags/naive_bayes_dag.py                                   1           0  0.92s           2024-11-12T07:51:07
/opt/airflow/dags/logistic_regression_dag.py                           1           0  1.02s           2024-11-12T07:50:42
================================================================================
[2024-11-12T07:51:38.856+0000] {manager.py:851} INFO - 
================================================================================
DAG File Processing Stats

File Path                                     PID    Runtime      # DAGs    # Errors  Last Runtime    Last Run
--------------------------------------------  -----  ---------  --------  ----------  --------------  -------------------
/opt/airflow/dags/svm_dag.py                                           1           0  1.02s           2024-11-12T07:51:11
/opt/airflow/dags/naive_bayes_dag.py                                   1           0  1.12s           2024-11-12T07:51:38
/opt/airflow/dags/logistic_regression_dag.py                           1           0  0.91s           2024-11-12T07:51:13
================================================================================
[2024-11-12T07:52:10.694+0000] {manager.py:851} INFO - 
================================================================================
DAG File Processing Stats

File Path                                     PID    Runtime      # DAGs    # Errors  Last Runtime    Last Run
--------------------------------------------  -----  ---------  --------  ----------  --------------  -------------------
/opt/airflow/dags/svm_dag.py                                           1           0  1.33s           2024-11-12T07:51:43
/opt/airflow/dags/naive_bayes_dag.py                                   1           0  1.02s           2024-11-12T07:52:10
/opt/airflow/dags/logistic_regression_dag.py                           1           0  0.91s           2024-11-12T07:51:44
================================================================================
[2024-11-12T07:52:41.796+0000] {manager.py:851} INFO - 
================================================================================
DAG File Processing Stats

File Path                                     PID    Runtime      # DAGs    # Errors  Last Runtime    Last Run
--------------------------------------------  -----  ---------  --------  ----------  --------------  -------------------
/opt/airflow/dags/svm_dag.py                                           1           0  0.92s           2024-11-12T07:52:14
/opt/airflow/dags/naive_bayes_dag.py                                   1           0  0.92s           2024-11-12T07:52:41
/opt/airflow/dags/logistic_regression_dag.py                           1           0  0.82s           2024-11-12T07:52:16
================================================================================
[2024-11-12T07:53:12.965+0000] {manager.py:851} INFO - 
================================================================================
DAG File Processing Stats

File Path                                     PID    Runtime      # DAGs    # Errors  Last Runtime    Last Run
--------------------------------------------  -----  ---------  --------  ----------  --------------  -------------------
/opt/airflow/dags/svm_dag.py                                           1           0  1.02s           2024-11-12T07:52:45
/opt/airflow/dags/naive_bayes_dag.py                                   1           0  1.02s           2024-11-12T07:53:12
/opt/airflow/dags/logistic_regression_dag.py                           1           0  0.91s           2024-11-12T07:52:47
================================================================================
[2024-11-12T07:53:29.523+0000] {manager.py:726} INFO - Searching for files in /opt/airflow/dags
[2024-11-12T07:53:29.554+0000] {manager.py:729} INFO - There are 3 files in /opt/airflow/dags
[2024-11-12T07:53:44.342+0000] {manager.py:851} INFO - 
================================================================================
DAG File Processing Stats

File Path                                     PID    Runtime      # DAGs    # Errors  Last Runtime    Last Run
--------------------------------------------  -----  ---------  --------  ----------  --------------  -------------------
/opt/airflow/dags/svm_dag.py                                           1           0  1.02s           2024-11-12T07:53:17
/opt/airflow/dags/naive_bayes_dag.py                                   1           0  0.92s           2024-11-12T07:53:44
/opt/airflow/dags/logistic_regression_dag.py                           1           0  1.26s           2024-11-12T07:53:18
================================================================================
[2024-11-12T07:54:15.469+0000] {manager.py:851} INFO - 
================================================================================
DAG File Processing Stats

File Path                                     PID    Runtime      # DAGs    # Errors  Last Runtime    Last Run
--------------------------------------------  -----  ---------  --------  ----------  --------------  -------------------
/opt/airflow/dags/svm_dag.py                                           1           0  1.01s           2024-11-12T07:53:48
/opt/airflow/dags/naive_bayes_dag.py                                   1           0  1.02s           2024-11-12T07:54:15
/opt/airflow/dags/logistic_regression_dag.py                           1           0  0.92s           2024-11-12T07:53:49
================================================================================
[2024-11-12T07:54:46.453+0000] {manager.py:851} INFO - 
================================================================================
DAG File Processing Stats

File Path                                     PID    Runtime      # DAGs    # Errors  Last Runtime    Last Run
--------------------------------------------  -----  ---------  --------  ----------  --------------  -------------------
/opt/airflow/dags/svm_dag.py                                           1           0  0.92s           2024-11-12T07:54:19
/opt/airflow/dags/naive_bayes_dag.py                                   1           0  0.92s           2024-11-12T07:54:46
/opt/airflow/dags/logistic_regression_dag.py                           1           0  1.03s           2024-11-12T07:54:21
================================================================================
[2024-11-12T07:55:17.722+0000] {manager.py:851} INFO - 
================================================================================
DAG File Processing Stats

File Path                                     PID    Runtime      # DAGs    # Errors  Last Runtime    Last Run
--------------------------------------------  -----  ---------  --------  ----------  --------------  -------------------
/opt/airflow/dags/svm_dag.py                                           1           0  0.92s           2024-11-12T07:54:50
/opt/airflow/dags/naive_bayes_dag.py                                   1           0  1.14s           2024-11-12T07:55:17
/opt/airflow/dags/logistic_regression_dag.py                           1           0  0.92s           2024-11-12T07:54:52
================================================================================
