[2024-11-12T07:34:36.379+0000] {processor.py:153} INFO - Started process (PID=81) to work on /opt/airflow/dags/logistic_regression_dag.py
[2024-11-12T07:34:36.381+0000] {processor.py:743} INFO - Processing file /opt/airflow/dags/logistic_regression_dag.py for tasks to queue
[2024-11-12T07:34:36.382+0000] {logging_mixin.py:137} INFO - [2024-11-12T07:34:36.382+0000] {dagbag.py:538} INFO - Filling up the DagBag from /opt/airflow/dags/logistic_regression_dag.py
[2024-11-12T07:34:36.398+0000] {logging_mixin.py:137} INFO - [2024-11-12T07:34:36.396+0000] {dagbag.py:343} ERROR - Failed to import: /opt/airflow/dags/logistic_regression_dag.py
Traceback (most recent call last):
  File "/home/airflow/.local/lib/python3.7/site-packages/airflow/models/dagbag.py", line 339, in parse
    loader.exec_module(new_module)
  File "<frozen importlib._bootstrap_external>", line 728, in exec_module
  File "<frozen importlib._bootstrap>", line 219, in _call_with_frames_removed
  File "/opt/airflow/dags/logistic_regression_dag.py", line 4, in <module>
    from sklearn.linear_model import LogisticRegression
ModuleNotFoundError: No module named 'sklearn'
[2024-11-12T07:34:36.398+0000] {processor.py:755} WARNING - No viable dags retrieved from /opt/airflow/dags/logistic_regression_dag.py
[2024-11-12T07:34:36.418+0000] {processor.py:175} INFO - Processing /opt/airflow/dags/logistic_regression_dag.py took 0.050 seconds
[2024-11-12T07:35:06.558+0000] {processor.py:153} INFO - Started process (PID=83) to work on /opt/airflow/dags/logistic_regression_dag.py
[2024-11-12T07:35:06.562+0000] {processor.py:743} INFO - Processing file /opt/airflow/dags/logistic_regression_dag.py for tasks to queue
[2024-11-12T07:35:06.563+0000] {logging_mixin.py:137} INFO - [2024-11-12T07:35:06.563+0000] {dagbag.py:538} INFO - Filling up the DagBag from /opt/airflow/dags/logistic_regression_dag.py
[2024-11-12T07:35:06.577+0000] {logging_mixin.py:137} INFO - [2024-11-12T07:35:06.575+0000] {dagbag.py:343} ERROR - Failed to import: /opt/airflow/dags/logistic_regression_dag.py
Traceback (most recent call last):
  File "/home/airflow/.local/lib/python3.7/site-packages/airflow/models/dagbag.py", line 339, in parse
    loader.exec_module(new_module)
  File "<frozen importlib._bootstrap_external>", line 728, in exec_module
  File "<frozen importlib._bootstrap>", line 219, in _call_with_frames_removed
  File "/opt/airflow/dags/logistic_regression_dag.py", line 4, in <module>
    from sklearn.linear_model import LogisticRegression
ModuleNotFoundError: No module named 'sklearn'
[2024-11-12T07:35:06.577+0000] {processor.py:755} WARNING - No viable dags retrieved from /opt/airflow/dags/logistic_regression_dag.py
[2024-11-12T07:35:06.598+0000] {processor.py:175} INFO - Processing /opt/airflow/dags/logistic_regression_dag.py took 0.054 seconds
[2024-11-12T07:35:36.989+0000] {processor.py:153} INFO - Started process (PID=85) to work on /opt/airflow/dags/logistic_regression_dag.py
[2024-11-12T07:35:36.992+0000] {processor.py:743} INFO - Processing file /opt/airflow/dags/logistic_regression_dag.py for tasks to queue
[2024-11-12T07:35:36.994+0000] {logging_mixin.py:137} INFO - [2024-11-12T07:35:36.993+0000] {dagbag.py:538} INFO - Filling up the DagBag from /opt/airflow/dags/logistic_regression_dag.py
[2024-11-12T07:35:37.007+0000] {logging_mixin.py:137} INFO - [2024-11-12T07:35:37.005+0000] {dagbag.py:343} ERROR - Failed to import: /opt/airflow/dags/logistic_regression_dag.py
Traceback (most recent call last):
  File "/home/airflow/.local/lib/python3.7/site-packages/airflow/models/dagbag.py", line 339, in parse
    loader.exec_module(new_module)
  File "<frozen importlib._bootstrap_external>", line 728, in exec_module
  File "<frozen importlib._bootstrap>", line 219, in _call_with_frames_removed
  File "/opt/airflow/dags/logistic_regression_dag.py", line 4, in <module>
    from sklearn.linear_model import LogisticRegression
ModuleNotFoundError: No module named 'sklearn'
[2024-11-12T07:35:37.008+0000] {processor.py:755} WARNING - No viable dags retrieved from /opt/airflow/dags/logistic_regression_dag.py
[2024-11-12T07:35:37.034+0000] {processor.py:175} INFO - Processing /opt/airflow/dags/logistic_regression_dag.py took 0.050 seconds
[2024-11-12T07:36:07.272+0000] {processor.py:153} INFO - Started process (PID=87) to work on /opt/airflow/dags/logistic_regression_dag.py
[2024-11-12T07:36:07.274+0000] {processor.py:743} INFO - Processing file /opt/airflow/dags/logistic_regression_dag.py for tasks to queue
[2024-11-12T07:36:07.275+0000] {logging_mixin.py:137} INFO - [2024-11-12T07:36:07.275+0000] {dagbag.py:538} INFO - Filling up the DagBag from /opt/airflow/dags/logistic_regression_dag.py
[2024-11-12T07:36:07.293+0000] {logging_mixin.py:137} INFO - [2024-11-12T07:36:07.290+0000] {dagbag.py:343} ERROR - Failed to import: /opt/airflow/dags/logistic_regression_dag.py
Traceback (most recent call last):
  File "/home/airflow/.local/lib/python3.7/site-packages/airflow/models/dagbag.py", line 339, in parse
    loader.exec_module(new_module)
  File "<frozen importlib._bootstrap_external>", line 728, in exec_module
  File "<frozen importlib._bootstrap>", line 219, in _call_with_frames_removed
  File "/opt/airflow/dags/logistic_regression_dag.py", line 4, in <module>
    from sklearn.linear_model import LogisticRegression
ModuleNotFoundError: No module named 'sklearn'
[2024-11-12T07:36:07.293+0000] {processor.py:755} WARNING - No viable dags retrieved from /opt/airflow/dags/logistic_regression_dag.py
[2024-11-12T07:36:07.316+0000] {processor.py:175} INFO - Processing /opt/airflow/dags/logistic_regression_dag.py took 0.057 seconds
[2024-11-12T07:36:37.536+0000] {processor.py:153} INFO - Started process (PID=89) to work on /opt/airflow/dags/logistic_regression_dag.py
[2024-11-12T07:36:37.538+0000] {processor.py:743} INFO - Processing file /opt/airflow/dags/logistic_regression_dag.py for tasks to queue
[2024-11-12T07:36:37.539+0000] {logging_mixin.py:137} INFO - [2024-11-12T07:36:37.539+0000] {dagbag.py:538} INFO - Filling up the DagBag from /opt/airflow/dags/logistic_regression_dag.py
[2024-11-12T07:36:37.556+0000] {logging_mixin.py:137} INFO - [2024-11-12T07:36:37.554+0000] {dagbag.py:343} ERROR - Failed to import: /opt/airflow/dags/logistic_regression_dag.py
Traceback (most recent call last):
  File "/home/airflow/.local/lib/python3.7/site-packages/airflow/models/dagbag.py", line 339, in parse
    loader.exec_module(new_module)
  File "<frozen importlib._bootstrap_external>", line 728, in exec_module
  File "<frozen importlib._bootstrap>", line 219, in _call_with_frames_removed
  File "/opt/airflow/dags/logistic_regression_dag.py", line 4, in <module>
    from sklearn.linear_model import LogisticRegression
ModuleNotFoundError: No module named 'sklearn'
[2024-11-12T07:36:37.557+0000] {processor.py:755} WARNING - No viable dags retrieved from /opt/airflow/dags/logistic_regression_dag.py
[2024-11-12T07:36:37.578+0000] {processor.py:175} INFO - Processing /opt/airflow/dags/logistic_regression_dag.py took 0.046 seconds
[2024-11-12T07:37:07.786+0000] {processor.py:153} INFO - Started process (PID=91) to work on /opt/airflow/dags/logistic_regression_dag.py
[2024-11-12T07:37:07.789+0000] {processor.py:743} INFO - Processing file /opt/airflow/dags/logistic_regression_dag.py for tasks to queue
[2024-11-12T07:37:07.790+0000] {logging_mixin.py:137} INFO - [2024-11-12T07:37:07.790+0000] {dagbag.py:538} INFO - Filling up the DagBag from /opt/airflow/dags/logistic_regression_dag.py
[2024-11-12T07:37:07.806+0000] {logging_mixin.py:137} INFO - [2024-11-12T07:37:07.803+0000] {dagbag.py:343} ERROR - Failed to import: /opt/airflow/dags/logistic_regression_dag.py
Traceback (most recent call last):
  File "/home/airflow/.local/lib/python3.7/site-packages/airflow/models/dagbag.py", line 339, in parse
    loader.exec_module(new_module)
  File "<frozen importlib._bootstrap_external>", line 728, in exec_module
  File "<frozen importlib._bootstrap>", line 219, in _call_with_frames_removed
  File "/opt/airflow/dags/logistic_regression_dag.py", line 4, in <module>
    from sklearn.linear_model import LogisticRegression
ModuleNotFoundError: No module named 'sklearn'
[2024-11-12T07:37:07.807+0000] {processor.py:755} WARNING - No viable dags retrieved from /opt/airflow/dags/logistic_regression_dag.py
[2024-11-12T07:37:07.831+0000] {processor.py:175} INFO - Processing /opt/airflow/dags/logistic_regression_dag.py took 0.054 seconds
[2024-11-12T07:37:38.177+0000] {processor.py:153} INFO - Started process (PID=93) to work on /opt/airflow/dags/logistic_regression_dag.py
[2024-11-12T07:37:38.178+0000] {processor.py:743} INFO - Processing file /opt/airflow/dags/logistic_regression_dag.py for tasks to queue
[2024-11-12T07:37:38.179+0000] {logging_mixin.py:137} INFO - [2024-11-12T07:37:38.179+0000] {dagbag.py:538} INFO - Filling up the DagBag from /opt/airflow/dags/logistic_regression_dag.py
[2024-11-12T07:37:38.195+0000] {logging_mixin.py:137} INFO - [2024-11-12T07:37:38.192+0000] {dagbag.py:343} ERROR - Failed to import: /opt/airflow/dags/logistic_regression_dag.py
Traceback (most recent call last):
  File "/home/airflow/.local/lib/python3.7/site-packages/airflow/models/dagbag.py", line 339, in parse
    loader.exec_module(new_module)
  File "<frozen importlib._bootstrap_external>", line 728, in exec_module
  File "<frozen importlib._bootstrap>", line 219, in _call_with_frames_removed
  File "/opt/airflow/dags/logistic_regression_dag.py", line 4, in <module>
    from sklearn.linear_model import LogisticRegression
ModuleNotFoundError: No module named 'sklearn'
[2024-11-12T07:37:38.196+0000] {processor.py:755} WARNING - No viable dags retrieved from /opt/airflow/dags/logistic_regression_dag.py
[2024-11-12T07:37:38.224+0000] {processor.py:175} INFO - Processing /opt/airflow/dags/logistic_regression_dag.py took 0.052 seconds
[2024-11-12T07:38:08.446+0000] {processor.py:153} INFO - Started process (PID=95) to work on /opt/airflow/dags/logistic_regression_dag.py
[2024-11-12T07:38:08.448+0000] {processor.py:743} INFO - Processing file /opt/airflow/dags/logistic_regression_dag.py for tasks to queue
[2024-11-12T07:38:08.449+0000] {logging_mixin.py:137} INFO - [2024-11-12T07:38:08.449+0000] {dagbag.py:538} INFO - Filling up the DagBag from /opt/airflow/dags/logistic_regression_dag.py
[2024-11-12T07:38:08.464+0000] {logging_mixin.py:137} INFO - [2024-11-12T07:38:08.461+0000] {dagbag.py:343} ERROR - Failed to import: /opt/airflow/dags/logistic_regression_dag.py
Traceback (most recent call last):
  File "/home/airflow/.local/lib/python3.7/site-packages/airflow/models/dagbag.py", line 339, in parse
    loader.exec_module(new_module)
  File "<frozen importlib._bootstrap_external>", line 728, in exec_module
  File "<frozen importlib._bootstrap>", line 219, in _call_with_frames_removed
  File "/opt/airflow/dags/logistic_regression_dag.py", line 4, in <module>
    from sklearn.linear_model import LogisticRegression
ModuleNotFoundError: No module named 'sklearn'
[2024-11-12T07:38:08.465+0000] {processor.py:755} WARNING - No viable dags retrieved from /opt/airflow/dags/logistic_regression_dag.py
[2024-11-12T07:38:08.490+0000] {processor.py:175} INFO - Processing /opt/airflow/dags/logistic_regression_dag.py took 0.050 seconds
[2024-11-12T07:38:38.711+0000] {processor.py:153} INFO - Started process (PID=97) to work on /opt/airflow/dags/logistic_regression_dag.py
[2024-11-12T07:38:38.713+0000] {processor.py:743} INFO - Processing file /opt/airflow/dags/logistic_regression_dag.py for tasks to queue
[2024-11-12T07:38:38.715+0000] {logging_mixin.py:137} INFO - [2024-11-12T07:38:38.715+0000] {dagbag.py:538} INFO - Filling up the DagBag from /opt/airflow/dags/logistic_regression_dag.py
[2024-11-12T07:38:38.730+0000] {logging_mixin.py:137} INFO - [2024-11-12T07:38:38.728+0000] {dagbag.py:343} ERROR - Failed to import: /opt/airflow/dags/logistic_regression_dag.py
Traceback (most recent call last):
  File "/home/airflow/.local/lib/python3.7/site-packages/airflow/models/dagbag.py", line 339, in parse
    loader.exec_module(new_module)
  File "<frozen importlib._bootstrap_external>", line 728, in exec_module
  File "<frozen importlib._bootstrap>", line 219, in _call_with_frames_removed
  File "/opt/airflow/dags/logistic_regression_dag.py", line 4, in <module>
    from sklearn.linear_model import LogisticRegression
ModuleNotFoundError: No module named 'sklearn'
[2024-11-12T07:38:38.732+0000] {processor.py:755} WARNING - No viable dags retrieved from /opt/airflow/dags/logistic_regression_dag.py
[2024-11-12T07:38:38.758+0000] {processor.py:175} INFO - Processing /opt/airflow/dags/logistic_regression_dag.py took 0.051 seconds
[2024-11-12T07:39:08.982+0000] {processor.py:153} INFO - Started process (PID=99) to work on /opt/airflow/dags/logistic_regression_dag.py
[2024-11-12T07:39:08.984+0000] {processor.py:743} INFO - Processing file /opt/airflow/dags/logistic_regression_dag.py for tasks to queue
[2024-11-12T07:39:08.985+0000] {logging_mixin.py:137} INFO - [2024-11-12T07:39:08.985+0000] {dagbag.py:538} INFO - Filling up the DagBag from /opt/airflow/dags/logistic_regression_dag.py
[2024-11-12T07:39:08.998+0000] {logging_mixin.py:137} INFO - [2024-11-12T07:39:08.996+0000] {dagbag.py:343} ERROR - Failed to import: /opt/airflow/dags/logistic_regression_dag.py
Traceback (most recent call last):
  File "/home/airflow/.local/lib/python3.7/site-packages/airflow/models/dagbag.py", line 339, in parse
    loader.exec_module(new_module)
  File "<frozen importlib._bootstrap_external>", line 728, in exec_module
  File "<frozen importlib._bootstrap>", line 219, in _call_with_frames_removed
  File "/opt/airflow/dags/logistic_regression_dag.py", line 4, in <module>
    from sklearn.linear_model import LogisticRegression
ModuleNotFoundError: No module named 'sklearn'
[2024-11-12T07:39:08.999+0000] {processor.py:755} WARNING - No viable dags retrieved from /opt/airflow/dags/logistic_regression_dag.py
[2024-11-12T07:39:09.020+0000] {processor.py:175} INFO - Processing /opt/airflow/dags/logistic_regression_dag.py took 0.042 seconds
[2024-11-12T07:39:55.408+0000] {processor.py:153} INFO - Started process (PID=77) to work on /opt/airflow/dags/logistic_regression_dag.py
[2024-11-12T07:39:55.409+0000] {processor.py:743} INFO - Processing file /opt/airflow/dags/logistic_regression_dag.py for tasks to queue
[2024-11-12T07:39:55.410+0000] {logging_mixin.py:137} INFO - [2024-11-12T07:39:55.410+0000] {dagbag.py:538} INFO - Filling up the DagBag from /opt/airflow/dags/logistic_regression_dag.py
[2024-11-12T07:39:55.424+0000] {logging_mixin.py:137} INFO - [2024-11-12T07:39:55.422+0000] {dagbag.py:343} ERROR - Failed to import: /opt/airflow/dags/logistic_regression_dag.py
Traceback (most recent call last):
  File "/home/airflow/.local/lib/python3.7/site-packages/airflow/models/dagbag.py", line 339, in parse
    loader.exec_module(new_module)
  File "<frozen importlib._bootstrap_external>", line 728, in exec_module
  File "<frozen importlib._bootstrap>", line 219, in _call_with_frames_removed
  File "/opt/airflow/dags/logistic_regression_dag.py", line 4, in <module>
    from sklearn.linear_model import LogisticRegression
ModuleNotFoundError: No module named 'sklearn'
[2024-11-12T07:39:55.425+0000] {processor.py:755} WARNING - No viable dags retrieved from /opt/airflow/dags/logistic_regression_dag.py
[2024-11-12T07:39:55.446+0000] {processor.py:175} INFO - Processing /opt/airflow/dags/logistic_regression_dag.py took 0.041 seconds
[2024-11-12T07:40:25.759+0000] {processor.py:153} INFO - Started process (PID=85) to work on /opt/airflow/dags/logistic_regression_dag.py
[2024-11-12T07:40:25.761+0000] {processor.py:743} INFO - Processing file /opt/airflow/dags/logistic_regression_dag.py for tasks to queue
[2024-11-12T07:40:25.904+0000] {logging_mixin.py:137} INFO - [2024-11-12T07:40:25.903+0000] {dagbag.py:538} INFO - Filling up the DagBag from /opt/airflow/dags/logistic_regression_dag.py
[2024-11-12T07:40:25.913+0000] {logging_mixin.py:137} INFO - [2024-11-12T07:40:25.912+0000] {dagbag.py:343} ERROR - Failed to import: /opt/airflow/dags/logistic_regression_dag.py
Traceback (most recent call last):
  File "/home/airflow/.local/lib/python3.7/site-packages/airflow/models/dagbag.py", line 339, in parse
    loader.exec_module(new_module)
  File "<frozen importlib._bootstrap_external>", line 728, in exec_module
  File "<frozen importlib._bootstrap>", line 219, in _call_with_frames_removed
  File "/opt/airflow/dags/logistic_regression_dag.py", line 4, in <module>
    from sklearn.linear_model import LogisticRegression
ModuleNotFoundError: No module named 'sklearn'
[2024-11-12T07:40:25.915+0000] {processor.py:755} WARNING - No viable dags retrieved from /opt/airflow/dags/logistic_regression_dag.py
[2024-11-12T07:40:25.933+0000] {processor.py:175} INFO - Processing /opt/airflow/dags/logistic_regression_dag.py took 0.177 seconds
[2024-11-12T07:40:56.277+0000] {processor.py:153} INFO - Started process (PID=88) to work on /opt/airflow/dags/logistic_regression_dag.py
[2024-11-12T07:40:56.278+0000] {processor.py:743} INFO - Processing file /opt/airflow/dags/logistic_regression_dag.py for tasks to queue
[2024-11-12T07:40:56.280+0000] {logging_mixin.py:137} INFO - [2024-11-12T07:40:56.280+0000] {dagbag.py:538} INFO - Filling up the DagBag from /opt/airflow/dags/logistic_regression_dag.py
[2024-11-12T07:40:56.295+0000] {logging_mixin.py:137} INFO - [2024-11-12T07:40:56.293+0000] {dagbag.py:343} ERROR - Failed to import: /opt/airflow/dags/logistic_regression_dag.py
Traceback (most recent call last):
  File "/home/airflow/.local/lib/python3.7/site-packages/airflow/models/dagbag.py", line 339, in parse
    loader.exec_module(new_module)
  File "<frozen importlib._bootstrap_external>", line 728, in exec_module
  File "<frozen importlib._bootstrap>", line 219, in _call_with_frames_removed
  File "/opt/airflow/dags/logistic_regression_dag.py", line 4, in <module>
    from sklearn.linear_model import LogisticRegression
ModuleNotFoundError: No module named 'sklearn'
[2024-11-12T07:40:56.296+0000] {processor.py:755} WARNING - No viable dags retrieved from /opt/airflow/dags/logistic_regression_dag.py
[2024-11-12T07:40:56.321+0000] {processor.py:175} INFO - Processing /opt/airflow/dags/logistic_regression_dag.py took 0.049 seconds
[2024-11-12T07:41:26.592+0000] {processor.py:153} INFO - Started process (PID=91) to work on /opt/airflow/dags/logistic_regression_dag.py
[2024-11-12T07:41:26.595+0000] {processor.py:743} INFO - Processing file /opt/airflow/dags/logistic_regression_dag.py for tasks to queue
[2024-11-12T07:41:26.598+0000] {logging_mixin.py:137} INFO - [2024-11-12T07:41:26.597+0000] {dagbag.py:538} INFO - Filling up the DagBag from /opt/airflow/dags/logistic_regression_dag.py
[2024-11-12T07:41:26.631+0000] {logging_mixin.py:137} INFO - [2024-11-12T07:41:26.628+0000] {dagbag.py:343} ERROR - Failed to import: /opt/airflow/dags/logistic_regression_dag.py
Traceback (most recent call last):
  File "/home/airflow/.local/lib/python3.7/site-packages/airflow/models/dagbag.py", line 339, in parse
    loader.exec_module(new_module)
  File "<frozen importlib._bootstrap_external>", line 728, in exec_module
  File "<frozen importlib._bootstrap>", line 219, in _call_with_frames_removed
  File "/opt/airflow/dags/logistic_regression_dag.py", line 4, in <module>
    from sklearn.linear_model import LogisticRegression
ModuleNotFoundError: No module named 'sklearn'
[2024-11-12T07:41:26.632+0000] {processor.py:755} WARNING - No viable dags retrieved from /opt/airflow/dags/logistic_regression_dag.py
[2024-11-12T07:41:26.665+0000] {processor.py:175} INFO - Processing /opt/airflow/dags/logistic_regression_dag.py took 0.080 seconds
[2024-11-12T07:41:56.968+0000] {processor.py:153} INFO - Started process (PID=94) to work on /opt/airflow/dags/logistic_regression_dag.py
[2024-11-12T07:41:56.971+0000] {processor.py:743} INFO - Processing file /opt/airflow/dags/logistic_regression_dag.py for tasks to queue
[2024-11-12T07:41:56.975+0000] {logging_mixin.py:137} INFO - [2024-11-12T07:41:56.975+0000] {dagbag.py:538} INFO - Filling up the DagBag from /opt/airflow/dags/logistic_regression_dag.py
[2024-11-12T07:41:56.995+0000] {logging_mixin.py:137} INFO - [2024-11-12T07:41:56.991+0000] {dagbag.py:343} ERROR - Failed to import: /opt/airflow/dags/logistic_regression_dag.py
Traceback (most recent call last):
  File "/home/airflow/.local/lib/python3.7/site-packages/airflow/models/dagbag.py", line 339, in parse
    loader.exec_module(new_module)
  File "<frozen importlib._bootstrap_external>", line 728, in exec_module
  File "<frozen importlib._bootstrap>", line 219, in _call_with_frames_removed
  File "/opt/airflow/dags/logistic_regression_dag.py", line 4, in <module>
    from sklearn.linear_model import LogisticRegression
ModuleNotFoundError: No module named 'sklearn'
[2024-11-12T07:41:56.997+0000] {processor.py:755} WARNING - No viable dags retrieved from /opt/airflow/dags/logistic_regression_dag.py
[2024-11-12T07:41:57.028+0000] {processor.py:175} INFO - Processing /opt/airflow/dags/logistic_regression_dag.py took 0.066 seconds
[2024-11-12T07:42:27.368+0000] {processor.py:153} INFO - Started process (PID=97) to work on /opt/airflow/dags/logistic_regression_dag.py
[2024-11-12T07:42:27.370+0000] {processor.py:743} INFO - Processing file /opt/airflow/dags/logistic_regression_dag.py for tasks to queue
[2024-11-12T07:42:27.371+0000] {logging_mixin.py:137} INFO - [2024-11-12T07:42:27.371+0000] {dagbag.py:538} INFO - Filling up the DagBag from /opt/airflow/dags/logistic_regression_dag.py
[2024-11-12T07:42:27.384+0000] {logging_mixin.py:137} INFO - [2024-11-12T07:42:27.381+0000] {dagbag.py:343} ERROR - Failed to import: /opt/airflow/dags/logistic_regression_dag.py
Traceback (most recent call last):
  File "/home/airflow/.local/lib/python3.7/site-packages/airflow/models/dagbag.py", line 339, in parse
    loader.exec_module(new_module)
  File "<frozen importlib._bootstrap_external>", line 728, in exec_module
  File "<frozen importlib._bootstrap>", line 219, in _call_with_frames_removed
  File "/opt/airflow/dags/logistic_regression_dag.py", line 4, in <module>
    from sklearn.linear_model import LogisticRegression
ModuleNotFoundError: No module named 'sklearn'
[2024-11-12T07:42:27.385+0000] {processor.py:755} WARNING - No viable dags retrieved from /opt/airflow/dags/logistic_regression_dag.py
[2024-11-12T07:42:27.407+0000] {processor.py:175} INFO - Processing /opt/airflow/dags/logistic_regression_dag.py took 0.044 seconds
[2024-11-12T07:43:16.030+0000] {processor.py:153} INFO - Started process (PID=77) to work on /opt/airflow/dags/logistic_regression_dag.py
[2024-11-12T07:43:16.031+0000] {processor.py:743} INFO - Processing file /opt/airflow/dags/logistic_regression_dag.py for tasks to queue
[2024-11-12T07:43:16.033+0000] {logging_mixin.py:137} INFO - [2024-11-12T07:43:16.032+0000] {dagbag.py:538} INFO - Filling up the DagBag from /opt/airflow/dags/logistic_regression_dag.py
[2024-11-12T07:43:16.051+0000] {logging_mixin.py:137} INFO - [2024-11-12T07:43:16.048+0000] {dagbag.py:343} ERROR - Failed to import: /opt/airflow/dags/logistic_regression_dag.py
Traceback (most recent call last):
  File "/home/airflow/.local/lib/python3.7/site-packages/airflow/models/dagbag.py", line 339, in parse
    loader.exec_module(new_module)
  File "<frozen importlib._bootstrap_external>", line 728, in exec_module
  File "<frozen importlib._bootstrap>", line 219, in _call_with_frames_removed
  File "/opt/airflow/dags/logistic_regression_dag.py", line 4, in <module>
    from sklearn.linear_model import LogisticRegression
ModuleNotFoundError: No module named 'sklearn'
[2024-11-12T07:43:16.052+0000] {processor.py:755} WARNING - No viable dags retrieved from /opt/airflow/dags/logistic_regression_dag.py
[2024-11-12T07:43:16.077+0000] {processor.py:175} INFO - Processing /opt/airflow/dags/logistic_regression_dag.py took 0.051 seconds
[2024-11-12T07:43:47.164+0000] {processor.py:153} INFO - Started process (PID=85) to work on /opt/airflow/dags/logistic_regression_dag.py
[2024-11-12T07:43:47.165+0000] {processor.py:743} INFO - Processing file /opt/airflow/dags/logistic_regression_dag.py for tasks to queue
[2024-11-12T07:43:47.167+0000] {logging_mixin.py:137} INFO - [2024-11-12T07:43:47.167+0000] {dagbag.py:538} INFO - Filling up the DagBag from /opt/airflow/dags/logistic_regression_dag.py
[2024-11-12T07:43:47.339+0000] {logging_mixin.py:137} INFO - [2024-11-12T07:43:47.337+0000] {dagbag.py:343} ERROR - Failed to import: /opt/airflow/dags/logistic_regression_dag.py
Traceback (most recent call last):
  File "/home/airflow/.local/lib/python3.7/site-packages/airflow/models/dagbag.py", line 339, in parse
    loader.exec_module(new_module)
  File "<frozen importlib._bootstrap_external>", line 728, in exec_module
  File "<frozen importlib._bootstrap>", line 219, in _call_with_frames_removed
  File "/opt/airflow/dags/logistic_regression_dag.py", line 4, in <module>
    from sklearn.linear_model import LogisticRegression
ModuleNotFoundError: No module named 'sklearn'
[2024-11-12T07:43:47.340+0000] {processor.py:755} WARNING - No viable dags retrieved from /opt/airflow/dags/logistic_regression_dag.py
[2024-11-12T07:43:47.362+0000] {processor.py:175} INFO - Processing /opt/airflow/dags/logistic_regression_dag.py took 0.202 seconds
[2024-11-12T07:44:18.428+0000] {processor.py:153} INFO - Started process (PID=88) to work on /opt/airflow/dags/logistic_regression_dag.py
[2024-11-12T07:44:18.429+0000] {processor.py:743} INFO - Processing file /opt/airflow/dags/logistic_regression_dag.py for tasks to queue
[2024-11-12T07:44:18.430+0000] {logging_mixin.py:137} INFO - [2024-11-12T07:44:18.430+0000] {dagbag.py:538} INFO - Filling up the DagBag from /opt/airflow/dags/logistic_regression_dag.py
[2024-11-12T07:44:18.441+0000] {logging_mixin.py:137} INFO - [2024-11-12T07:44:18.439+0000] {dagbag.py:343} ERROR - Failed to import: /opt/airflow/dags/logistic_regression_dag.py
Traceback (most recent call last):
  File "/home/airflow/.local/lib/python3.7/site-packages/airflow/models/dagbag.py", line 339, in parse
    loader.exec_module(new_module)
  File "<frozen importlib._bootstrap_external>", line 728, in exec_module
  File "<frozen importlib._bootstrap>", line 219, in _call_with_frames_removed
  File "/opt/airflow/dags/logistic_regression_dag.py", line 4, in <module>
    from sklearn.linear_model import LogisticRegression
ModuleNotFoundError: No module named 'sklearn'
[2024-11-12T07:44:18.443+0000] {processor.py:755} WARNING - No viable dags retrieved from /opt/airflow/dags/logistic_regression_dag.py
[2024-11-12T07:44:18.467+0000] {processor.py:175} INFO - Processing /opt/airflow/dags/logistic_regression_dag.py took 0.049 seconds
[2024-11-12T07:44:48.826+0000] {processor.py:153} INFO - Started process (PID=91) to work on /opt/airflow/dags/logistic_regression_dag.py
[2024-11-12T07:44:48.827+0000] {processor.py:743} INFO - Processing file /opt/airflow/dags/logistic_regression_dag.py for tasks to queue
[2024-11-12T07:44:48.828+0000] {logging_mixin.py:137} INFO - [2024-11-12T07:44:48.828+0000] {dagbag.py:538} INFO - Filling up the DagBag from /opt/airflow/dags/logistic_regression_dag.py
[2024-11-12T07:44:48.847+0000] {logging_mixin.py:137} INFO - [2024-11-12T07:44:48.844+0000] {dagbag.py:343} ERROR - Failed to import: /opt/airflow/dags/logistic_regression_dag.py
Traceback (most recent call last):
  File "/home/airflow/.local/lib/python3.7/site-packages/airflow/models/dagbag.py", line 339, in parse
    loader.exec_module(new_module)
  File "<frozen importlib._bootstrap_external>", line 728, in exec_module
  File "<frozen importlib._bootstrap>", line 219, in _call_with_frames_removed
  File "/opt/airflow/dags/logistic_regression_dag.py", line 4, in <module>
    from sklearn.linear_model import LogisticRegression
ModuleNotFoundError: No module named 'sklearn'
[2024-11-12T07:44:48.848+0000] {processor.py:755} WARNING - No viable dags retrieved from /opt/airflow/dags/logistic_regression_dag.py
[2024-11-12T07:44:48.891+0000] {processor.py:175} INFO - Processing /opt/airflow/dags/logistic_regression_dag.py took 0.069 seconds
[2024-11-12T07:45:19.486+0000] {processor.py:153} INFO - Started process (PID=94) to work on /opt/airflow/dags/logistic_regression_dag.py
[2024-11-12T07:45:19.488+0000] {processor.py:743} INFO - Processing file /opt/airflow/dags/logistic_regression_dag.py for tasks to queue
[2024-11-12T07:45:19.489+0000] {logging_mixin.py:137} INFO - [2024-11-12T07:45:19.489+0000] {dagbag.py:538} INFO - Filling up the DagBag from /opt/airflow/dags/logistic_regression_dag.py
[2024-11-12T07:45:19.501+0000] {logging_mixin.py:137} INFO - [2024-11-12T07:45:19.499+0000] {dagbag.py:343} ERROR - Failed to import: /opt/airflow/dags/logistic_regression_dag.py
Traceback (most recent call last):
  File "/home/airflow/.local/lib/python3.7/site-packages/airflow/models/dagbag.py", line 339, in parse
    loader.exec_module(new_module)
  File "<frozen importlib._bootstrap_external>", line 728, in exec_module
  File "<frozen importlib._bootstrap>", line 219, in _call_with_frames_removed
  File "/opt/airflow/dags/logistic_regression_dag.py", line 4, in <module>
    from sklearn.linear_model import LogisticRegression
ModuleNotFoundError: No module named 'sklearn'
[2024-11-12T07:45:19.502+0000] {processor.py:755} WARNING - No viable dags retrieved from /opt/airflow/dags/logistic_regression_dag.py
[2024-11-12T07:45:19.522+0000] {processor.py:175} INFO - Processing /opt/airflow/dags/logistic_regression_dag.py took 0.041 seconds
[2024-11-12T07:45:49.894+0000] {processor.py:153} INFO - Started process (PID=97) to work on /opt/airflow/dags/logistic_regression_dag.py
[2024-11-12T07:45:49.896+0000] {processor.py:743} INFO - Processing file /opt/airflow/dags/logistic_regression_dag.py for tasks to queue
[2024-11-12T07:45:49.897+0000] {logging_mixin.py:137} INFO - [2024-11-12T07:45:49.897+0000] {dagbag.py:538} INFO - Filling up the DagBag from /opt/airflow/dags/logistic_regression_dag.py
[2024-11-12T07:45:49.909+0000] {logging_mixin.py:137} INFO - [2024-11-12T07:45:49.907+0000] {dagbag.py:343} ERROR - Failed to import: /opt/airflow/dags/logistic_regression_dag.py
Traceback (most recent call last):
  File "/home/airflow/.local/lib/python3.7/site-packages/airflow/models/dagbag.py", line 339, in parse
    loader.exec_module(new_module)
  File "<frozen importlib._bootstrap_external>", line 728, in exec_module
  File "<frozen importlib._bootstrap>", line 219, in _call_with_frames_removed
  File "/opt/airflow/dags/logistic_regression_dag.py", line 4, in <module>
    from sklearn.linear_model import LogisticRegression
ModuleNotFoundError: No module named 'sklearn'
[2024-11-12T07:45:49.910+0000] {processor.py:755} WARNING - No viable dags retrieved from /opt/airflow/dags/logistic_regression_dag.py
[2024-11-12T07:45:49.936+0000] {processor.py:175} INFO - Processing /opt/airflow/dags/logistic_regression_dag.py took 0.045 seconds
[2024-11-12T07:46:20.307+0000] {processor.py:153} INFO - Started process (PID=100) to work on /opt/airflow/dags/logistic_regression_dag.py
[2024-11-12T07:46:20.308+0000] {processor.py:743} INFO - Processing file /opt/airflow/dags/logistic_regression_dag.py for tasks to queue
[2024-11-12T07:46:20.310+0000] {logging_mixin.py:137} INFO - [2024-11-12T07:46:20.310+0000] {dagbag.py:538} INFO - Filling up the DagBag from /opt/airflow/dags/logistic_regression_dag.py
[2024-11-12T07:46:20.323+0000] {logging_mixin.py:137} INFO - [2024-11-12T07:46:20.320+0000] {dagbag.py:343} ERROR - Failed to import: /opt/airflow/dags/logistic_regression_dag.py
Traceback (most recent call last):
  File "/home/airflow/.local/lib/python3.7/site-packages/airflow/models/dagbag.py", line 339, in parse
    loader.exec_module(new_module)
  File "<frozen importlib._bootstrap_external>", line 728, in exec_module
  File "<frozen importlib._bootstrap>", line 219, in _call_with_frames_removed
  File "/opt/airflow/dags/logistic_regression_dag.py", line 4, in <module>
    from sklearn.linear_model import LogisticRegression
ModuleNotFoundError: No module named 'sklearn'
[2024-11-12T07:46:20.323+0000] {processor.py:755} WARNING - No viable dags retrieved from /opt/airflow/dags/logistic_regression_dag.py
[2024-11-12T07:46:20.345+0000] {processor.py:175} INFO - Processing /opt/airflow/dags/logistic_regression_dag.py took 0.042 seconds
[2024-11-12T07:46:50.570+0000] {processor.py:153} INFO - Started process (PID=103) to work on /opt/airflow/dags/logistic_regression_dag.py
[2024-11-12T07:46:50.572+0000] {processor.py:743} INFO - Processing file /opt/airflow/dags/logistic_regression_dag.py for tasks to queue
[2024-11-12T07:46:50.574+0000] {logging_mixin.py:137} INFO - [2024-11-12T07:46:50.573+0000] {dagbag.py:538} INFO - Filling up the DagBag from /opt/airflow/dags/logistic_regression_dag.py
[2024-11-12T07:46:50.589+0000] {logging_mixin.py:137} INFO - [2024-11-12T07:46:50.586+0000] {dagbag.py:343} ERROR - Failed to import: /opt/airflow/dags/logistic_regression_dag.py
Traceback (most recent call last):
  File "/home/airflow/.local/lib/python3.7/site-packages/airflow/models/dagbag.py", line 339, in parse
    loader.exec_module(new_module)
  File "<frozen importlib._bootstrap_external>", line 728, in exec_module
  File "<frozen importlib._bootstrap>", line 219, in _call_with_frames_removed
  File "/opt/airflow/dags/logistic_regression_dag.py", line 4, in <module>
    from sklearn.linear_model import LogisticRegression
ModuleNotFoundError: No module named 'sklearn'
[2024-11-12T07:46:50.590+0000] {processor.py:755} WARNING - No viable dags retrieved from /opt/airflow/dags/logistic_regression_dag.py
[2024-11-12T07:46:50.623+0000] {processor.py:175} INFO - Processing /opt/airflow/dags/logistic_regression_dag.py took 0.059 seconds
[2024-11-12T07:48:34.549+0000] {processor.py:153} INFO - Started process (PID=80) to work on /opt/airflow/dags/logistic_regression_dag.py
[2024-11-12T07:48:34.551+0000] {processor.py:743} INFO - Processing file /opt/airflow/dags/logistic_regression_dag.py for tasks to queue
[2024-11-12T07:48:34.552+0000] {logging_mixin.py:137} INFO - [2024-11-12T07:48:34.552+0000] {dagbag.py:538} INFO - Filling up the DagBag from /opt/airflow/dags/logistic_regression_dag.py
[2024-11-12T07:48:35.624+0000] {processor.py:753} INFO - DAG(s) dict_keys(['logistic_regression_dag']) retrieved from /opt/airflow/dags/logistic_regression_dag.py
[2024-11-12T07:48:35.766+0000] {logging_mixin.py:137} INFO - [2024-11-12T07:48:35.766+0000] {manager.py:504} INFO - Created Permission View: can edit on DAG:logistic_regression_dag
[2024-11-12T07:48:35.779+0000] {logging_mixin.py:137} INFO - [2024-11-12T07:48:35.779+0000] {manager.py:504} INFO - Created Permission View: can delete on DAG:logistic_regression_dag
[2024-11-12T07:48:35.790+0000] {logging_mixin.py:137} INFO - [2024-11-12T07:48:35.790+0000] {manager.py:504} INFO - Created Permission View: can read on DAG:logistic_regression_dag
[2024-11-12T07:48:35.791+0000] {logging_mixin.py:137} INFO - [2024-11-12T07:48:35.790+0000] {dag.py:2676} INFO - Sync 1 DAGs
[2024-11-12T07:48:35.807+0000] {logging_mixin.py:137} INFO - [2024-11-12T07:48:35.806+0000] {dag.py:2697} INFO - Creating ORM DAG for logistic_regression_dag
[2024-11-12T07:48:35.821+0000] {logging_mixin.py:137} INFO - [2024-11-12T07:48:35.821+0000] {dag.py:3427} INFO - Setting next_dagrun for logistic_regression_dag to 2024-11-11T00:00:00+00:00, run_after=2024-11-12T00:00:00+00:00
[2024-11-12T07:48:35.846+0000] {processor.py:175} INFO - Processing /opt/airflow/dags/logistic_regression_dag.py took 1.300 seconds
[2024-11-12T07:49:06.897+0000] {processor.py:153} INFO - Started process (PID=90) to work on /opt/airflow/dags/logistic_regression_dag.py
[2024-11-12T07:49:06.898+0000] {processor.py:743} INFO - Processing file /opt/airflow/dags/logistic_regression_dag.py for tasks to queue
[2024-11-12T07:49:06.900+0000] {logging_mixin.py:137} INFO - [2024-11-12T07:49:06.899+0000] {dagbag.py:538} INFO - Filling up the DagBag from /opt/airflow/dags/logistic_regression_dag.py
[2024-11-12T07:49:07.845+0000] {processor.py:753} INFO - DAG(s) dict_keys(['logistic_regression_dag']) retrieved from /opt/airflow/dags/logistic_regression_dag.py
[2024-11-12T07:49:07.878+0000] {logging_mixin.py:137} INFO - [2024-11-12T07:49:07.877+0000] {dag.py:2676} INFO - Sync 1 DAGs
[2024-11-12T07:49:07.902+0000] {logging_mixin.py:137} INFO - [2024-11-12T07:49:07.902+0000] {dag.py:3427} INFO - Setting next_dagrun for logistic_regression_dag to 2024-11-11T00:00:00+00:00, run_after=2024-11-12T00:00:00+00:00
[2024-11-12T07:49:07.951+0000] {processor.py:175} INFO - Processing /opt/airflow/dags/logistic_regression_dag.py took 1.059 seconds
[2024-11-12T07:49:38.240+0000] {processor.py:153} INFO - Started process (PID=96) to work on /opt/airflow/dags/logistic_regression_dag.py
[2024-11-12T07:49:38.242+0000] {processor.py:743} INFO - Processing file /opt/airflow/dags/logistic_regression_dag.py for tasks to queue
[2024-11-12T07:49:38.243+0000] {logging_mixin.py:137} INFO - [2024-11-12T07:49:38.242+0000] {dagbag.py:538} INFO - Filling up the DagBag from /opt/airflow/dags/logistic_regression_dag.py
[2024-11-12T07:49:39.126+0000] {processor.py:753} INFO - DAG(s) dict_keys(['logistic_regression_dag']) retrieved from /opt/airflow/dags/logistic_regression_dag.py
[2024-11-12T07:49:39.156+0000] {logging_mixin.py:137} INFO - [2024-11-12T07:49:39.155+0000] {dag.py:2676} INFO - Sync 1 DAGs
[2024-11-12T07:49:39.182+0000] {logging_mixin.py:137} INFO - [2024-11-12T07:49:39.182+0000] {dag.py:3427} INFO - Setting next_dagrun for logistic_regression_dag to 2024-11-11T00:00:00+00:00, run_after=2024-11-12T00:00:00+00:00
[2024-11-12T07:49:39.209+0000] {processor.py:175} INFO - Processing /opt/airflow/dags/logistic_regression_dag.py took 0.976 seconds
[2024-11-12T07:50:10.082+0000] {processor.py:153} INFO - Started process (PID=102) to work on /opt/airflow/dags/logistic_regression_dag.py
[2024-11-12T07:50:10.085+0000] {processor.py:743} INFO - Processing file /opt/airflow/dags/logistic_regression_dag.py for tasks to queue
[2024-11-12T07:50:10.086+0000] {logging_mixin.py:137} INFO - [2024-11-12T07:50:10.086+0000] {dagbag.py:538} INFO - Filling up the DagBag from /opt/airflow/dags/logistic_regression_dag.py
[2024-11-12T07:50:10.842+0000] {processor.py:753} INFO - DAG(s) dict_keys(['logistic_regression_dag']) retrieved from /opt/airflow/dags/logistic_regression_dag.py
[2024-11-12T07:50:10.875+0000] {logging_mixin.py:137} INFO - [2024-11-12T07:50:10.874+0000] {dag.py:2676} INFO - Sync 1 DAGs
[2024-11-12T07:50:10.897+0000] {logging_mixin.py:137} INFO - [2024-11-12T07:50:10.897+0000] {dag.py:3427} INFO - Setting next_dagrun for logistic_regression_dag to 2024-11-11T00:00:00+00:00, run_after=2024-11-12T00:00:00+00:00
[2024-11-12T07:50:10.921+0000] {processor.py:175} INFO - Processing /opt/airflow/dags/logistic_regression_dag.py took 0.843 seconds
[2024-11-12T07:50:41.170+0000] {processor.py:153} INFO - Started process (PID=108) to work on /opt/airflow/dags/logistic_regression_dag.py
[2024-11-12T07:50:41.172+0000] {processor.py:743} INFO - Processing file /opt/airflow/dags/logistic_regression_dag.py for tasks to queue
[2024-11-12T07:50:41.173+0000] {logging_mixin.py:137} INFO - [2024-11-12T07:50:41.173+0000] {dagbag.py:538} INFO - Filling up the DagBag from /opt/airflow/dags/logistic_regression_dag.py
[2024-11-12T07:50:42.052+0000] {processor.py:753} INFO - DAG(s) dict_keys(['logistic_regression_dag']) retrieved from /opt/airflow/dags/logistic_regression_dag.py
[2024-11-12T07:50:42.079+0000] {logging_mixin.py:137} INFO - [2024-11-12T07:50:42.079+0000] {dag.py:2676} INFO - Sync 1 DAGs
[2024-11-12T07:50:42.100+0000] {logging_mixin.py:137} INFO - [2024-11-12T07:50:42.100+0000] {dag.py:3427} INFO - Setting next_dagrun for logistic_regression_dag to 2024-11-11T00:00:00+00:00, run_after=2024-11-12T00:00:00+00:00
[2024-11-12T07:50:42.122+0000] {processor.py:175} INFO - Processing /opt/airflow/dags/logistic_regression_dag.py took 0.956 seconds
[2024-11-12T07:51:12.360+0000] {processor.py:153} INFO - Started process (PID=123) to work on /opt/airflow/dags/logistic_regression_dag.py
[2024-11-12T07:51:12.361+0000] {processor.py:743} INFO - Processing file /opt/airflow/dags/logistic_regression_dag.py for tasks to queue
[2024-11-12T07:51:12.363+0000] {logging_mixin.py:137} INFO - [2024-11-12T07:51:12.362+0000] {dagbag.py:538} INFO - Filling up the DagBag from /opt/airflow/dags/logistic_regression_dag.py
[2024-11-12T07:51:13.139+0000] {processor.py:753} INFO - DAG(s) dict_keys(['logistic_regression_dag']) retrieved from /opt/airflow/dags/logistic_regression_dag.py
[2024-11-12T07:51:13.171+0000] {logging_mixin.py:137} INFO - [2024-11-12T07:51:13.170+0000] {dag.py:2676} INFO - Sync 1 DAGs
[2024-11-12T07:51:13.193+0000] {logging_mixin.py:137} INFO - [2024-11-12T07:51:13.193+0000] {dag.py:3427} INFO - Setting next_dagrun for logistic_regression_dag to 2024-11-11T00:00:00+00:00, run_after=2024-11-12T00:00:00+00:00
[2024-11-12T07:51:13.215+0000] {processor.py:175} INFO - Processing /opt/airflow/dags/logistic_regression_dag.py took 0.860 seconds
[2024-11-12T07:51:43.438+0000] {processor.py:153} INFO - Started process (PID=143) to work on /opt/airflow/dags/logistic_regression_dag.py
[2024-11-12T07:51:43.440+0000] {processor.py:743} INFO - Processing file /opt/airflow/dags/logistic_regression_dag.py for tasks to queue
[2024-11-12T07:51:43.441+0000] {logging_mixin.py:137} INFO - [2024-11-12T07:51:43.441+0000] {dagbag.py:538} INFO - Filling up the DagBag from /opt/airflow/dags/logistic_regression_dag.py
[2024-11-12T07:51:44.199+0000] {processor.py:753} INFO - DAG(s) dict_keys(['logistic_regression_dag']) retrieved from /opt/airflow/dags/logistic_regression_dag.py
[2024-11-12T07:51:44.234+0000] {logging_mixin.py:137} INFO - [2024-11-12T07:51:44.233+0000] {dag.py:2676} INFO - Sync 1 DAGs
[2024-11-12T07:51:44.259+0000] {logging_mixin.py:137} INFO - [2024-11-12T07:51:44.258+0000] {dag.py:3427} INFO - Setting next_dagrun for logistic_regression_dag to 2024-11-11T00:00:00+00:00, run_after=2024-11-12T00:00:00+00:00
[2024-11-12T07:51:44.286+0000] {processor.py:175} INFO - Processing /opt/airflow/dags/logistic_regression_dag.py took 0.852 seconds
[2024-11-12T07:52:15.605+0000] {processor.py:153} INFO - Started process (PID=160) to work on /opt/airflow/dags/logistic_regression_dag.py
[2024-11-12T07:52:15.606+0000] {processor.py:743} INFO - Processing file /opt/airflow/dags/logistic_regression_dag.py for tasks to queue
[2024-11-12T07:52:15.607+0000] {logging_mixin.py:137} INFO - [2024-11-12T07:52:15.607+0000] {dagbag.py:538} INFO - Filling up the DagBag from /opt/airflow/dags/logistic_regression_dag.py
[2024-11-12T07:52:16.296+0000] {processor.py:753} INFO - DAG(s) dict_keys(['logistic_regression_dag']) retrieved from /opt/airflow/dags/logistic_regression_dag.py
[2024-11-12T07:52:16.324+0000] {logging_mixin.py:137} INFO - [2024-11-12T07:52:16.324+0000] {dag.py:2676} INFO - Sync 1 DAGs
[2024-11-12T07:52:16.347+0000] {logging_mixin.py:137} INFO - [2024-11-12T07:52:16.346+0000] {dag.py:3427} INFO - Setting next_dagrun for logistic_regression_dag to 2024-11-11T00:00:00+00:00, run_after=2024-11-12T00:00:00+00:00
[2024-11-12T07:52:16.372+0000] {processor.py:175} INFO - Processing /opt/airflow/dags/logistic_regression_dag.py took 0.772 seconds
[2024-11-12T07:52:46.556+0000] {processor.py:153} INFO - Started process (PID=177) to work on /opt/airflow/dags/logistic_regression_dag.py
[2024-11-12T07:52:46.557+0000] {processor.py:743} INFO - Processing file /opt/airflow/dags/logistic_regression_dag.py for tasks to queue
[2024-11-12T07:52:46.558+0000] {logging_mixin.py:137} INFO - [2024-11-12T07:52:46.558+0000] {dagbag.py:538} INFO - Filling up the DagBag from /opt/airflow/dags/logistic_regression_dag.py
[2024-11-12T07:52:47.277+0000] {processor.py:753} INFO - DAG(s) dict_keys(['logistic_regression_dag']) retrieved from /opt/airflow/dags/logistic_regression_dag.py
[2024-11-12T07:52:47.303+0000] {logging_mixin.py:137} INFO - [2024-11-12T07:52:47.303+0000] {dag.py:2676} INFO - Sync 1 DAGs
[2024-11-12T07:52:47.328+0000] {logging_mixin.py:137} INFO - [2024-11-12T07:52:47.328+0000] {dag.py:3427} INFO - Setting next_dagrun for logistic_regression_dag to 2024-11-11T00:00:00+00:00, run_after=2024-11-12T00:00:00+00:00
[2024-11-12T07:52:47.351+0000] {processor.py:175} INFO - Processing /opt/airflow/dags/logistic_regression_dag.py took 0.801 seconds
[2024-11-12T07:53:17.598+0000] {processor.py:153} INFO - Started process (PID=183) to work on /opt/airflow/dags/logistic_regression_dag.py
[2024-11-12T07:53:17.600+0000] {processor.py:743} INFO - Processing file /opt/airflow/dags/logistic_regression_dag.py for tasks to queue
[2024-11-12T07:53:17.602+0000] {logging_mixin.py:137} INFO - [2024-11-12T07:53:17.602+0000] {dagbag.py:538} INFO - Filling up the DagBag from /opt/airflow/dags/logistic_regression_dag.py
[2024-11-12T07:53:18.643+0000] {processor.py:753} INFO - DAG(s) dict_keys(['logistic_regression_dag']) retrieved from /opt/airflow/dags/logistic_regression_dag.py
[2024-11-12T07:53:18.706+0000] {logging_mixin.py:137} INFO - [2024-11-12T07:53:18.705+0000] {dag.py:2676} INFO - Sync 1 DAGs
[2024-11-12T07:53:18.747+0000] {logging_mixin.py:137} INFO - [2024-11-12T07:53:18.747+0000] {dag.py:3427} INFO - Setting next_dagrun for logistic_regression_dag to 2024-11-11T00:00:00+00:00, run_after=2024-11-12T00:00:00+00:00
[2024-11-12T07:53:18.797+0000] {processor.py:175} INFO - Processing /opt/airflow/dags/logistic_regression_dag.py took 1.203 seconds
[2024-11-12T07:53:48.980+0000] {processor.py:153} INFO - Started process (PID=189) to work on /opt/airflow/dags/logistic_regression_dag.py
[2024-11-12T07:53:48.981+0000] {processor.py:743} INFO - Processing file /opt/airflow/dags/logistic_regression_dag.py for tasks to queue
[2024-11-12T07:53:48.983+0000] {logging_mixin.py:137} INFO - [2024-11-12T07:53:48.982+0000] {dagbag.py:538} INFO - Filling up the DagBag from /opt/airflow/dags/logistic_regression_dag.py
[2024-11-12T07:53:49.785+0000] {processor.py:753} INFO - DAG(s) dict_keys(['logistic_regression_dag']) retrieved from /opt/airflow/dags/logistic_regression_dag.py
[2024-11-12T07:53:49.814+0000] {logging_mixin.py:137} INFO - [2024-11-12T07:53:49.814+0000] {dag.py:2676} INFO - Sync 1 DAGs
[2024-11-12T07:53:49.840+0000] {logging_mixin.py:137} INFO - [2024-11-12T07:53:49.840+0000] {dag.py:3427} INFO - Setting next_dagrun for logistic_regression_dag to 2024-11-11T00:00:00+00:00, run_after=2024-11-12T00:00:00+00:00
[2024-11-12T07:53:49.864+0000] {processor.py:175} INFO - Processing /opt/airflow/dags/logistic_regression_dag.py took 0.889 seconds
[2024-11-12T07:54:20.034+0000] {processor.py:153} INFO - Started process (PID=195) to work on /opt/airflow/dags/logistic_regression_dag.py
[2024-11-12T07:54:20.036+0000] {processor.py:743} INFO - Processing file /opt/airflow/dags/logistic_regression_dag.py for tasks to queue
[2024-11-12T07:54:20.038+0000] {logging_mixin.py:137} INFO - [2024-11-12T07:54:20.037+0000] {dagbag.py:538} INFO - Filling up the DagBag from /opt/airflow/dags/logistic_regression_dag.py
[2024-11-12T07:54:20.876+0000] {processor.py:753} INFO - DAG(s) dict_keys(['logistic_regression_dag']) retrieved from /opt/airflow/dags/logistic_regression_dag.py
[2024-11-12T07:54:20.909+0000] {logging_mixin.py:137} INFO - [2024-11-12T07:54:20.909+0000] {dag.py:2676} INFO - Sync 1 DAGs
[2024-11-12T07:54:20.934+0000] {logging_mixin.py:137} INFO - [2024-11-12T07:54:20.934+0000] {dag.py:3427} INFO - Setting next_dagrun for logistic_regression_dag to 2024-11-11T00:00:00+00:00, run_after=2024-11-12T00:00:00+00:00
[2024-11-12T07:54:20.964+0000] {processor.py:175} INFO - Processing /opt/airflow/dags/logistic_regression_dag.py took 0.934 seconds
[2024-11-12T07:54:51.192+0000] {processor.py:153} INFO - Started process (PID=201) to work on /opt/airflow/dags/logistic_regression_dag.py
[2024-11-12T07:54:51.194+0000] {processor.py:743} INFO - Processing file /opt/airflow/dags/logistic_regression_dag.py for tasks to queue
[2024-11-12T07:54:51.195+0000] {logging_mixin.py:137} INFO - [2024-11-12T07:54:51.195+0000] {dagbag.py:538} INFO - Filling up the DagBag from /opt/airflow/dags/logistic_regression_dag.py
[2024-11-12T07:54:51.993+0000] {processor.py:753} INFO - DAG(s) dict_keys(['logistic_regression_dag']) retrieved from /opt/airflow/dags/logistic_regression_dag.py
[2024-11-12T07:54:52.021+0000] {logging_mixin.py:137} INFO - [2024-11-12T07:54:52.020+0000] {dag.py:2676} INFO - Sync 1 DAGs
[2024-11-12T07:54:52.041+0000] {logging_mixin.py:137} INFO - [2024-11-12T07:54:52.041+0000] {dag.py:3427} INFO - Setting next_dagrun for logistic_regression_dag to 2024-11-11T00:00:00+00:00, run_after=2024-11-12T00:00:00+00:00
[2024-11-12T07:54:52.065+0000] {processor.py:175} INFO - Processing /opt/airflow/dags/logistic_regression_dag.py took 0.877 seconds
[2024-11-12T07:55:22.227+0000] {processor.py:153} INFO - Started process (PID=207) to work on /opt/airflow/dags/logistic_regression_dag.py
[2024-11-12T07:55:22.229+0000] {processor.py:743} INFO - Processing file /opt/airflow/dags/logistic_regression_dag.py for tasks to queue
[2024-11-12T07:55:22.230+0000] {logging_mixin.py:137} INFO - [2024-11-12T07:55:22.230+0000] {dagbag.py:538} INFO - Filling up the DagBag from /opt/airflow/dags/logistic_regression_dag.py
[2024-11-12T07:55:23.245+0000] {processor.py:753} INFO - DAG(s) dict_keys(['logistic_regression_dag']) retrieved from /opt/airflow/dags/logistic_regression_dag.py
[2024-11-12T07:55:23.275+0000] {logging_mixin.py:137} INFO - [2024-11-12T07:55:23.274+0000] {dag.py:2676} INFO - Sync 1 DAGs
[2024-11-12T07:55:23.303+0000] {logging_mixin.py:137} INFO - [2024-11-12T07:55:23.303+0000] {dag.py:3427} INFO - Setting next_dagrun for logistic_regression_dag to 2024-11-11T00:00:00+00:00, run_after=2024-11-12T00:00:00+00:00
[2024-11-12T07:55:23.332+0000] {processor.py:175} INFO - Processing /opt/airflow/dags/logistic_regression_dag.py took 1.110 seconds
