[2024-11-12T07:39:52.777+0000] {processor.py:153} INFO - Started process (PID=66) to work on /opt/airflow/dags/naive_bayes_dag.py
[2024-11-12T07:39:52.779+0000] {processor.py:743} INFO - Processing file /opt/airflow/dags/naive_bayes_dag.py for tasks to queue
[2024-11-12T07:39:52.780+0000] {logging_mixin.py:137} INFO - [2024-11-12T07:39:52.780+0000] {dagbag.py:538} INFO - Filling up the DagBag from /opt/airflow/dags/naive_bayes_dag.py
[2024-11-12T07:39:52.817+0000] {logging_mixin.py:137} INFO - [2024-11-12T07:39:52.812+0000] {dagbag.py:343} ERROR - Failed to import: /opt/airflow/dags/naive_bayes_dag.py
Traceback (most recent call last):
  File "/home/airflow/.local/lib/python3.7/site-packages/airflow/models/dagbag.py", line 339, in parse
    loader.exec_module(new_module)
  File "<frozen importlib._bootstrap_external>", line 728, in exec_module
  File "<frozen importlib._bootstrap>", line 219, in _call_with_frames_removed
  File "/opt/airflow/dags/naive_bayes_dag.py", line 4, in <module>
    from sklearn.naive_bayes import GaussianNB
ModuleNotFoundError: No module named 'sklearn'
[2024-11-12T07:39:52.818+0000] {processor.py:755} WARNING - No viable dags retrieved from /opt/airflow/dags/naive_bayes_dag.py
[2024-11-12T07:39:52.865+0000] {processor.py:175} INFO - Processing /opt/airflow/dags/naive_bayes_dag.py took 0.091 seconds
[2024-11-12T07:40:23.062+0000] {processor.py:153} INFO - Started process (PID=83) to work on /opt/airflow/dags/naive_bayes_dag.py
[2024-11-12T07:40:23.067+0000] {processor.py:743} INFO - Processing file /opt/airflow/dags/naive_bayes_dag.py for tasks to queue
[2024-11-12T07:40:23.068+0000] {logging_mixin.py:137} INFO - [2024-11-12T07:40:23.068+0000] {dagbag.py:538} INFO - Filling up the DagBag from /opt/airflow/dags/naive_bayes_dag.py
[2024-11-12T07:40:23.258+0000] {logging_mixin.py:137} INFO - [2024-11-12T07:40:23.256+0000] {dagbag.py:343} ERROR - Failed to import: /opt/airflow/dags/naive_bayes_dag.py
Traceback (most recent call last):
  File "/home/airflow/.local/lib/python3.7/site-packages/airflow/models/dagbag.py", line 339, in parse
    loader.exec_module(new_module)
  File "<frozen importlib._bootstrap_external>", line 728, in exec_module
  File "<frozen importlib._bootstrap>", line 219, in _call_with_frames_removed
  File "/opt/airflow/dags/naive_bayes_dag.py", line 4, in <module>
    from sklearn.naive_bayes import GaussianNB
ModuleNotFoundError: No module named 'sklearn'
[2024-11-12T07:40:23.259+0000] {processor.py:755} WARNING - No viable dags retrieved from /opt/airflow/dags/naive_bayes_dag.py
[2024-11-12T07:40:23.280+0000] {processor.py:175} INFO - Processing /opt/airflow/dags/naive_bayes_dag.py took 0.221 seconds
[2024-11-12T07:40:53.825+0000] {processor.py:153} INFO - Started process (PID=86) to work on /opt/airflow/dags/naive_bayes_dag.py
[2024-11-12T07:40:53.826+0000] {processor.py:743} INFO - Processing file /opt/airflow/dags/naive_bayes_dag.py for tasks to queue
[2024-11-12T07:40:53.828+0000] {logging_mixin.py:137} INFO - [2024-11-12T07:40:53.828+0000] {dagbag.py:538} INFO - Filling up the DagBag from /opt/airflow/dags/naive_bayes_dag.py
[2024-11-12T07:40:53.841+0000] {logging_mixin.py:137} INFO - [2024-11-12T07:40:53.839+0000] {dagbag.py:343} ERROR - Failed to import: /opt/airflow/dags/naive_bayes_dag.py
Traceback (most recent call last):
  File "/home/airflow/.local/lib/python3.7/site-packages/airflow/models/dagbag.py", line 339, in parse
    loader.exec_module(new_module)
  File "<frozen importlib._bootstrap_external>", line 728, in exec_module
  File "<frozen importlib._bootstrap>", line 219, in _call_with_frames_removed
  File "/opt/airflow/dags/naive_bayes_dag.py", line 4, in <module>
    from sklearn.naive_bayes import GaussianNB
ModuleNotFoundError: No module named 'sklearn'
[2024-11-12T07:40:53.842+0000] {processor.py:755} WARNING - No viable dags retrieved from /opt/airflow/dags/naive_bayes_dag.py
[2024-11-12T07:40:53.899+0000] {processor.py:175} INFO - Processing /opt/airflow/dags/naive_bayes_dag.py took 0.080 seconds
[2024-11-12T07:41:24.231+0000] {processor.py:153} INFO - Started process (PID=89) to work on /opt/airflow/dags/naive_bayes_dag.py
[2024-11-12T07:41:24.233+0000] {processor.py:743} INFO - Processing file /opt/airflow/dags/naive_bayes_dag.py for tasks to queue
[2024-11-12T07:41:24.234+0000] {logging_mixin.py:137} INFO - [2024-11-12T07:41:24.234+0000] {dagbag.py:538} INFO - Filling up the DagBag from /opt/airflow/dags/naive_bayes_dag.py
[2024-11-12T07:41:24.245+0000] {logging_mixin.py:137} INFO - [2024-11-12T07:41:24.243+0000] {dagbag.py:343} ERROR - Failed to import: /opt/airflow/dags/naive_bayes_dag.py
Traceback (most recent call last):
  File "/home/airflow/.local/lib/python3.7/site-packages/airflow/models/dagbag.py", line 339, in parse
    loader.exec_module(new_module)
  File "<frozen importlib._bootstrap_external>", line 728, in exec_module
  File "<frozen importlib._bootstrap>", line 219, in _call_with_frames_removed
  File "/opt/airflow/dags/naive_bayes_dag.py", line 4, in <module>
    from sklearn.naive_bayes import GaussianNB
ModuleNotFoundError: No module named 'sklearn'
[2024-11-12T07:41:24.246+0000] {processor.py:755} WARNING - No viable dags retrieved from /opt/airflow/dags/naive_bayes_dag.py
[2024-11-12T07:41:24.268+0000] {processor.py:175} INFO - Processing /opt/airflow/dags/naive_bayes_dag.py took 0.040 seconds
[2024-11-12T07:41:54.472+0000] {processor.py:153} INFO - Started process (PID=92) to work on /opt/airflow/dags/naive_bayes_dag.py
[2024-11-12T07:41:54.473+0000] {processor.py:743} INFO - Processing file /opt/airflow/dags/naive_bayes_dag.py for tasks to queue
[2024-11-12T07:41:54.474+0000] {logging_mixin.py:137} INFO - [2024-11-12T07:41:54.474+0000] {dagbag.py:538} INFO - Filling up the DagBag from /opt/airflow/dags/naive_bayes_dag.py
[2024-11-12T07:41:54.486+0000] {logging_mixin.py:137} INFO - [2024-11-12T07:41:54.483+0000] {dagbag.py:343} ERROR - Failed to import: /opt/airflow/dags/naive_bayes_dag.py
Traceback (most recent call last):
  File "/home/airflow/.local/lib/python3.7/site-packages/airflow/models/dagbag.py", line 339, in parse
    loader.exec_module(new_module)
  File "<frozen importlib._bootstrap_external>", line 728, in exec_module
  File "<frozen importlib._bootstrap>", line 219, in _call_with_frames_removed
  File "/opt/airflow/dags/naive_bayes_dag.py", line 4, in <module>
    from sklearn.naive_bayes import GaussianNB
ModuleNotFoundError: No module named 'sklearn'
[2024-11-12T07:41:54.486+0000] {processor.py:755} WARNING - No viable dags retrieved from /opt/airflow/dags/naive_bayes_dag.py
[2024-11-12T07:41:54.508+0000] {processor.py:175} INFO - Processing /opt/airflow/dags/naive_bayes_dag.py took 0.041 seconds
[2024-11-12T07:42:24.645+0000] {processor.py:153} INFO - Started process (PID=95) to work on /opt/airflow/dags/naive_bayes_dag.py
[2024-11-12T07:42:24.647+0000] {processor.py:743} INFO - Processing file /opt/airflow/dags/naive_bayes_dag.py for tasks to queue
[2024-11-12T07:42:24.648+0000] {logging_mixin.py:137} INFO - [2024-11-12T07:42:24.648+0000] {dagbag.py:538} INFO - Filling up the DagBag from /opt/airflow/dags/naive_bayes_dag.py
[2024-11-12T07:42:24.661+0000] {logging_mixin.py:137} INFO - [2024-11-12T07:42:24.659+0000] {dagbag.py:343} ERROR - Failed to import: /opt/airflow/dags/naive_bayes_dag.py
Traceback (most recent call last):
  File "/home/airflow/.local/lib/python3.7/site-packages/airflow/models/dagbag.py", line 339, in parse
    loader.exec_module(new_module)
  File "<frozen importlib._bootstrap_external>", line 728, in exec_module
  File "<frozen importlib._bootstrap>", line 219, in _call_with_frames_removed
  File "/opt/airflow/dags/naive_bayes_dag.py", line 4, in <module>
    from sklearn.naive_bayes import GaussianNB
ModuleNotFoundError: No module named 'sklearn'
[2024-11-12T07:42:24.661+0000] {processor.py:755} WARNING - No viable dags retrieved from /opt/airflow/dags/naive_bayes_dag.py
[2024-11-12T07:42:24.682+0000] {processor.py:175} INFO - Processing /opt/airflow/dags/naive_bayes_dag.py took 0.041 seconds
[2024-11-12T07:43:13.312+0000] {processor.py:153} INFO - Started process (PID=66) to work on /opt/airflow/dags/naive_bayes_dag.py
[2024-11-12T07:43:13.314+0000] {processor.py:743} INFO - Processing file /opt/airflow/dags/naive_bayes_dag.py for tasks to queue
[2024-11-12T07:43:13.316+0000] {logging_mixin.py:137} INFO - [2024-11-12T07:43:13.316+0000] {dagbag.py:538} INFO - Filling up the DagBag from /opt/airflow/dags/naive_bayes_dag.py
[2024-11-12T07:43:13.337+0000] {logging_mixin.py:137} INFO - [2024-11-12T07:43:13.335+0000] {dagbag.py:343} ERROR - Failed to import: /opt/airflow/dags/naive_bayes_dag.py
Traceback (most recent call last):
  File "/home/airflow/.local/lib/python3.7/site-packages/airflow/models/dagbag.py", line 339, in parse
    loader.exec_module(new_module)
  File "<frozen importlib._bootstrap_external>", line 728, in exec_module
  File "<frozen importlib._bootstrap>", line 219, in _call_with_frames_removed
  File "/opt/airflow/dags/naive_bayes_dag.py", line 4, in <module>
    from sklearn.naive_bayes import GaussianNB
ModuleNotFoundError: No module named 'sklearn'
[2024-11-12T07:43:13.338+0000] {processor.py:755} WARNING - No viable dags retrieved from /opt/airflow/dags/naive_bayes_dag.py
[2024-11-12T07:43:13.358+0000] {processor.py:175} INFO - Processing /opt/airflow/dags/naive_bayes_dag.py took 0.050 seconds
[2024-11-12T07:43:43.492+0000] {processor.py:153} INFO - Started process (PID=83) to work on /opt/airflow/dags/naive_bayes_dag.py
[2024-11-12T07:43:43.493+0000] {processor.py:743} INFO - Processing file /opt/airflow/dags/naive_bayes_dag.py for tasks to queue
[2024-11-12T07:43:43.496+0000] {logging_mixin.py:137} INFO - [2024-11-12T07:43:43.495+0000] {dagbag.py:538} INFO - Filling up the DagBag from /opt/airflow/dags/naive_bayes_dag.py
[2024-11-12T07:43:44.523+0000] {logging_mixin.py:137} INFO - [2024-11-12T07:43:44.520+0000] {dagbag.py:343} ERROR - Failed to import: /opt/airflow/dags/naive_bayes_dag.py
Traceback (most recent call last):
  File "/home/airflow/.local/lib/python3.7/site-packages/airflow/models/dagbag.py", line 339, in parse
    loader.exec_module(new_module)
  File "<frozen importlib._bootstrap_external>", line 728, in exec_module
  File "<frozen importlib._bootstrap>", line 219, in _call_with_frames_removed
  File "/opt/airflow/dags/naive_bayes_dag.py", line 4, in <module>
    from sklearn.naive_bayes import GaussianNB
ModuleNotFoundError: No module named 'sklearn'
[2024-11-12T07:43:44.524+0000] {processor.py:755} WARNING - No viable dags retrieved from /opt/airflow/dags/naive_bayes_dag.py
[2024-11-12T07:43:44.562+0000] {processor.py:175} INFO - Processing /opt/airflow/dags/naive_bayes_dag.py took 1.075 seconds
[2024-11-12T07:44:14.904+0000] {processor.py:153} INFO - Started process (PID=86) to work on /opt/airflow/dags/naive_bayes_dag.py
[2024-11-12T07:44:14.906+0000] {processor.py:743} INFO - Processing file /opt/airflow/dags/naive_bayes_dag.py for tasks to queue
[2024-11-12T07:44:14.907+0000] {logging_mixin.py:137} INFO - [2024-11-12T07:44:14.907+0000] {dagbag.py:538} INFO - Filling up the DagBag from /opt/airflow/dags/naive_bayes_dag.py
[2024-11-12T07:44:14.920+0000] {logging_mixin.py:137} INFO - [2024-11-12T07:44:14.917+0000] {dagbag.py:343} ERROR - Failed to import: /opt/airflow/dags/naive_bayes_dag.py
Traceback (most recent call last):
  File "/home/airflow/.local/lib/python3.7/site-packages/airflow/models/dagbag.py", line 339, in parse
    loader.exec_module(new_module)
  File "<frozen importlib._bootstrap_external>", line 728, in exec_module
  File "<frozen importlib._bootstrap>", line 219, in _call_with_frames_removed
  File "/opt/airflow/dags/naive_bayes_dag.py", line 4, in <module>
    from sklearn.naive_bayes import GaussianNB
ModuleNotFoundError: No module named 'sklearn'
[2024-11-12T07:44:14.921+0000] {processor.py:755} WARNING - No viable dags retrieved from /opt/airflow/dags/naive_bayes_dag.py
[2024-11-12T07:44:14.943+0000] {processor.py:175} INFO - Processing /opt/airflow/dags/naive_bayes_dag.py took 0.043 seconds
[2024-11-12T07:44:45.182+0000] {processor.py:153} INFO - Started process (PID=89) to work on /opt/airflow/dags/naive_bayes_dag.py
[2024-11-12T07:44:45.183+0000] {processor.py:743} INFO - Processing file /opt/airflow/dags/naive_bayes_dag.py for tasks to queue
[2024-11-12T07:44:45.185+0000] {logging_mixin.py:137} INFO - [2024-11-12T07:44:45.185+0000] {dagbag.py:538} INFO - Filling up the DagBag from /opt/airflow/dags/naive_bayes_dag.py
[2024-11-12T07:44:45.199+0000] {logging_mixin.py:137} INFO - [2024-11-12T07:44:45.197+0000] {dagbag.py:343} ERROR - Failed to import: /opt/airflow/dags/naive_bayes_dag.py
Traceback (most recent call last):
  File "/home/airflow/.local/lib/python3.7/site-packages/airflow/models/dagbag.py", line 339, in parse
    loader.exec_module(new_module)
  File "<frozen importlib._bootstrap_external>", line 728, in exec_module
  File "<frozen importlib._bootstrap>", line 219, in _call_with_frames_removed
  File "/opt/airflow/dags/naive_bayes_dag.py", line 4, in <module>
    from sklearn.naive_bayes import GaussianNB
ModuleNotFoundError: No module named 'sklearn'
[2024-11-12T07:44:45.200+0000] {processor.py:755} WARNING - No viable dags retrieved from /opt/airflow/dags/naive_bayes_dag.py
[2024-11-12T07:44:45.220+0000] {processor.py:175} INFO - Processing /opt/airflow/dags/naive_bayes_dag.py took 0.042 seconds
[2024-11-12T07:45:15.469+0000] {processor.py:153} INFO - Started process (PID=92) to work on /opt/airflow/dags/naive_bayes_dag.py
[2024-11-12T07:45:15.471+0000] {processor.py:743} INFO - Processing file /opt/airflow/dags/naive_bayes_dag.py for tasks to queue
[2024-11-12T07:45:15.472+0000] {logging_mixin.py:137} INFO - [2024-11-12T07:45:15.472+0000] {dagbag.py:538} INFO - Filling up the DagBag from /opt/airflow/dags/naive_bayes_dag.py
[2024-11-12T07:45:15.483+0000] {logging_mixin.py:137} INFO - [2024-11-12T07:45:15.481+0000] {dagbag.py:343} ERROR - Failed to import: /opt/airflow/dags/naive_bayes_dag.py
Traceback (most recent call last):
  File "/home/airflow/.local/lib/python3.7/site-packages/airflow/models/dagbag.py", line 339, in parse
    loader.exec_module(new_module)
  File "<frozen importlib._bootstrap_external>", line 728, in exec_module
  File "<frozen importlib._bootstrap>", line 219, in _call_with_frames_removed
  File "/opt/airflow/dags/naive_bayes_dag.py", line 4, in <module>
    from sklearn.naive_bayes import GaussianNB
ModuleNotFoundError: No module named 'sklearn'
[2024-11-12T07:45:15.484+0000] {processor.py:755} WARNING - No viable dags retrieved from /opt/airflow/dags/naive_bayes_dag.py
[2024-11-12T07:45:15.505+0000] {processor.py:175} INFO - Processing /opt/airflow/dags/naive_bayes_dag.py took 0.043 seconds
[2024-11-12T07:45:45.728+0000] {processor.py:153} INFO - Started process (PID=95) to work on /opt/airflow/dags/naive_bayes_dag.py
[2024-11-12T07:45:45.729+0000] {processor.py:743} INFO - Processing file /opt/airflow/dags/naive_bayes_dag.py for tasks to queue
[2024-11-12T07:45:45.731+0000] {logging_mixin.py:137} INFO - [2024-11-12T07:45:45.730+0000] {dagbag.py:538} INFO - Filling up the DagBag from /opt/airflow/dags/naive_bayes_dag.py
[2024-11-12T07:45:45.744+0000] {logging_mixin.py:137} INFO - [2024-11-12T07:45:45.742+0000] {dagbag.py:343} ERROR - Failed to import: /opt/airflow/dags/naive_bayes_dag.py
Traceback (most recent call last):
  File "/home/airflow/.local/lib/python3.7/site-packages/airflow/models/dagbag.py", line 339, in parse
    loader.exec_module(new_module)
  File "<frozen importlib._bootstrap_external>", line 728, in exec_module
  File "<frozen importlib._bootstrap>", line 219, in _call_with_frames_removed
  File "/opt/airflow/dags/naive_bayes_dag.py", line 4, in <module>
    from sklearn.naive_bayes import GaussianNB
ModuleNotFoundError: No module named 'sklearn'
[2024-11-12T07:45:45.744+0000] {processor.py:755} WARNING - No viable dags retrieved from /opt/airflow/dags/naive_bayes_dag.py
[2024-11-12T07:45:45.769+0000] {processor.py:175} INFO - Processing /opt/airflow/dags/naive_bayes_dag.py took 0.044 seconds
[2024-11-12T07:46:15.984+0000] {processor.py:153} INFO - Started process (PID=98) to work on /opt/airflow/dags/naive_bayes_dag.py
[2024-11-12T07:46:15.986+0000] {processor.py:743} INFO - Processing file /opt/airflow/dags/naive_bayes_dag.py for tasks to queue
[2024-11-12T07:46:15.988+0000] {logging_mixin.py:137} INFO - [2024-11-12T07:46:15.987+0000] {dagbag.py:538} INFO - Filling up the DagBag from /opt/airflow/dags/naive_bayes_dag.py
[2024-11-12T07:46:16.002+0000] {logging_mixin.py:137} INFO - [2024-11-12T07:46:16.000+0000] {dagbag.py:343} ERROR - Failed to import: /opt/airflow/dags/naive_bayes_dag.py
Traceback (most recent call last):
  File "/home/airflow/.local/lib/python3.7/site-packages/airflow/models/dagbag.py", line 339, in parse
    loader.exec_module(new_module)
  File "<frozen importlib._bootstrap_external>", line 728, in exec_module
  File "<frozen importlib._bootstrap>", line 219, in _call_with_frames_removed
  File "/opt/airflow/dags/naive_bayes_dag.py", line 4, in <module>
    from sklearn.naive_bayes import GaussianNB
ModuleNotFoundError: No module named 'sklearn'
[2024-11-12T07:46:16.003+0000] {processor.py:755} WARNING - No viable dags retrieved from /opt/airflow/dags/naive_bayes_dag.py
[2024-11-12T07:46:16.031+0000] {processor.py:175} INFO - Processing /opt/airflow/dags/naive_bayes_dag.py took 0.051 seconds
[2024-11-12T07:46:46.156+0000] {processor.py:153} INFO - Started process (PID=101) to work on /opt/airflow/dags/naive_bayes_dag.py
[2024-11-12T07:46:46.157+0000] {processor.py:743} INFO - Processing file /opt/airflow/dags/naive_bayes_dag.py for tasks to queue
[2024-11-12T07:46:46.158+0000] {logging_mixin.py:137} INFO - [2024-11-12T07:46:46.158+0000] {dagbag.py:538} INFO - Filling up the DagBag from /opt/airflow/dags/naive_bayes_dag.py
[2024-11-12T07:46:46.171+0000] {logging_mixin.py:137} INFO - [2024-11-12T07:46:46.169+0000] {dagbag.py:343} ERROR - Failed to import: /opt/airflow/dags/naive_bayes_dag.py
Traceback (most recent call last):
  File "/home/airflow/.local/lib/python3.7/site-packages/airflow/models/dagbag.py", line 339, in parse
    loader.exec_module(new_module)
  File "<frozen importlib._bootstrap_external>", line 728, in exec_module
  File "<frozen importlib._bootstrap>", line 219, in _call_with_frames_removed
  File "/opt/airflow/dags/naive_bayes_dag.py", line 4, in <module>
    from sklearn.naive_bayes import GaussianNB
ModuleNotFoundError: No module named 'sklearn'
[2024-11-12T07:46:46.172+0000] {processor.py:755} WARNING - No viable dags retrieved from /opt/airflow/dags/naive_bayes_dag.py
[2024-11-12T07:46:46.197+0000] {processor.py:175} INFO - Processing /opt/airflow/dags/naive_bayes_dag.py took 0.045 seconds
[2024-11-12T07:48:29.591+0000] {processor.py:153} INFO - Started process (PID=66) to work on /opt/airflow/dags/naive_bayes_dag.py
[2024-11-12T07:48:29.595+0000] {processor.py:743} INFO - Processing file /opt/airflow/dags/naive_bayes_dag.py for tasks to queue
[2024-11-12T07:48:29.597+0000] {logging_mixin.py:137} INFO - [2024-11-12T07:48:29.596+0000] {dagbag.py:538} INFO - Filling up the DagBag from /opt/airflow/dags/naive_bayes_dag.py
[2024-11-12T07:48:30.783+0000] {processor.py:753} INFO - DAG(s) dict_keys(['naive_bayes_dag']) retrieved from /opt/airflow/dags/naive_bayes_dag.py
[2024-11-12T07:48:31.107+0000] {logging_mixin.py:137} INFO - [2024-11-12T07:48:31.107+0000] {manager.py:504} INFO - Created Permission View: can edit on DAG:naive_bayes_dag
[2024-11-12T07:48:31.120+0000] {logging_mixin.py:137} INFO - [2024-11-12T07:48:31.120+0000] {manager.py:504} INFO - Created Permission View: can delete on DAG:naive_bayes_dag
[2024-11-12T07:48:31.131+0000] {logging_mixin.py:137} INFO - [2024-11-12T07:48:31.131+0000] {manager.py:504} INFO - Created Permission View: can read on DAG:naive_bayes_dag
[2024-11-12T07:48:31.132+0000] {logging_mixin.py:137} INFO - [2024-11-12T07:48:31.131+0000] {dag.py:2676} INFO - Sync 1 DAGs
[2024-11-12T07:48:31.146+0000] {logging_mixin.py:137} INFO - [2024-11-12T07:48:31.146+0000] {dag.py:2697} INFO - Creating ORM DAG for naive_bayes_dag
[2024-11-12T07:48:31.158+0000] {logging_mixin.py:137} INFO - [2024-11-12T07:48:31.158+0000] {dag.py:3427} INFO - Setting next_dagrun for naive_bayes_dag to 2024-11-11T00:00:00+00:00, run_after=2024-11-12T00:00:00+00:00
[2024-11-12T07:48:31.183+0000] {processor.py:175} INFO - Processing /opt/airflow/dags/naive_bayes_dag.py took 1.603 seconds
[2024-11-12T07:49:01.297+0000] {processor.py:153} INFO - Started process (PID=86) to work on /opt/airflow/dags/naive_bayes_dag.py
[2024-11-12T07:49:01.298+0000] {processor.py:743} INFO - Processing file /opt/airflow/dags/naive_bayes_dag.py for tasks to queue
[2024-11-12T07:49:01.300+0000] {logging_mixin.py:137} INFO - [2024-11-12T07:49:01.299+0000] {dagbag.py:538} INFO - Filling up the DagBag from /opt/airflow/dags/naive_bayes_dag.py
[2024-11-12T07:49:02.424+0000] {processor.py:753} INFO - DAG(s) dict_keys(['naive_bayes_dag']) retrieved from /opt/airflow/dags/naive_bayes_dag.py
[2024-11-12T07:49:02.459+0000] {logging_mixin.py:137} INFO - [2024-11-12T07:49:02.458+0000] {dag.py:2676} INFO - Sync 1 DAGs
[2024-11-12T07:49:02.490+0000] {logging_mixin.py:137} INFO - [2024-11-12T07:49:02.489+0000] {dag.py:3427} INFO - Setting next_dagrun for naive_bayes_dag to 2024-11-11T00:00:00+00:00, run_after=2024-11-12T00:00:00+00:00
[2024-11-12T07:49:02.515+0000] {processor.py:175} INFO - Processing /opt/airflow/dags/naive_bayes_dag.py took 1.222 seconds
[2024-11-12T07:49:33.035+0000] {processor.py:153} INFO - Started process (PID=92) to work on /opt/airflow/dags/naive_bayes_dag.py
[2024-11-12T07:49:33.036+0000] {processor.py:743} INFO - Processing file /opt/airflow/dags/naive_bayes_dag.py for tasks to queue
[2024-11-12T07:49:33.037+0000] {logging_mixin.py:137} INFO - [2024-11-12T07:49:33.037+0000] {dagbag.py:538} INFO - Filling up the DagBag from /opt/airflow/dags/naive_bayes_dag.py
[2024-11-12T07:49:33.978+0000] {processor.py:753} INFO - DAG(s) dict_keys(['naive_bayes_dag']) retrieved from /opt/airflow/dags/naive_bayes_dag.py
[2024-11-12T07:49:34.028+0000] {logging_mixin.py:137} INFO - [2024-11-12T07:49:34.027+0000] {dag.py:2676} INFO - Sync 1 DAGs
[2024-11-12T07:49:34.072+0000] {logging_mixin.py:137} INFO - [2024-11-12T07:49:34.072+0000] {dag.py:3427} INFO - Setting next_dagrun for naive_bayes_dag to 2024-11-11T00:00:00+00:00, run_after=2024-11-12T00:00:00+00:00
[2024-11-12T07:49:34.103+0000] {processor.py:175} INFO - Processing /opt/airflow/dags/naive_bayes_dag.py took 1.078 seconds
[2024-11-12T07:50:04.223+0000] {processor.py:153} INFO - Started process (PID=98) to work on /opt/airflow/dags/naive_bayes_dag.py
[2024-11-12T07:50:04.226+0000] {processor.py:743} INFO - Processing file /opt/airflow/dags/naive_bayes_dag.py for tasks to queue
[2024-11-12T07:50:04.228+0000] {logging_mixin.py:137} INFO - [2024-11-12T07:50:04.228+0000] {dagbag.py:538} INFO - Filling up the DagBag from /opt/airflow/dags/naive_bayes_dag.py
[2024-11-12T07:50:04.945+0000] {processor.py:753} INFO - DAG(s) dict_keys(['naive_bayes_dag']) retrieved from /opt/airflow/dags/naive_bayes_dag.py
[2024-11-12T07:50:04.971+0000] {logging_mixin.py:137} INFO - [2024-11-12T07:50:04.971+0000] {dag.py:2676} INFO - Sync 1 DAGs
[2024-11-12T07:50:04.994+0000] {logging_mixin.py:137} INFO - [2024-11-12T07:50:04.993+0000] {dag.py:3427} INFO - Setting next_dagrun for naive_bayes_dag to 2024-11-11T00:00:00+00:00, run_after=2024-11-12T00:00:00+00:00
[2024-11-12T07:50:05.019+0000] {processor.py:175} INFO - Processing /opt/airflow/dags/naive_bayes_dag.py took 0.801 seconds
[2024-11-12T07:50:35.530+0000] {processor.py:153} INFO - Started process (PID=104) to work on /opt/airflow/dags/naive_bayes_dag.py
[2024-11-12T07:50:35.531+0000] {processor.py:743} INFO - Processing file /opt/airflow/dags/naive_bayes_dag.py for tasks to queue
[2024-11-12T07:50:35.532+0000] {logging_mixin.py:137} INFO - [2024-11-12T07:50:35.532+0000] {dagbag.py:538} INFO - Filling up the DagBag from /opt/airflow/dags/naive_bayes_dag.py
[2024-11-12T07:50:36.396+0000] {processor.py:753} INFO - DAG(s) dict_keys(['naive_bayes_dag']) retrieved from /opt/airflow/dags/naive_bayes_dag.py
[2024-11-12T07:50:36.432+0000] {logging_mixin.py:137} INFO - [2024-11-12T07:50:36.432+0000] {dag.py:2676} INFO - Sync 1 DAGs
[2024-11-12T07:50:36.467+0000] {logging_mixin.py:137} INFO - [2024-11-12T07:50:36.467+0000] {dag.py:3427} INFO - Setting next_dagrun for naive_bayes_dag to 2024-11-11T00:00:00+00:00, run_after=2024-11-12T00:00:00+00:00
[2024-11-12T07:50:36.496+0000] {processor.py:175} INFO - Processing /opt/airflow/dags/naive_bayes_dag.py took 0.971 seconds
[2024-11-12T07:51:06.691+0000] {processor.py:153} INFO - Started process (PID=119) to work on /opt/airflow/dags/naive_bayes_dag.py
[2024-11-12T07:51:06.692+0000] {processor.py:743} INFO - Processing file /opt/airflow/dags/naive_bayes_dag.py for tasks to queue
[2024-11-12T07:51:06.693+0000] {logging_mixin.py:137} INFO - [2024-11-12T07:51:06.693+0000] {dagbag.py:538} INFO - Filling up the DagBag from /opt/airflow/dags/naive_bayes_dag.py
[2024-11-12T07:51:07.282+0000] {processor.py:753} INFO - DAG(s) dict_keys(['naive_bayes_dag']) retrieved from /opt/airflow/dags/naive_bayes_dag.py
[2024-11-12T07:51:07.457+0000] {logging_mixin.py:137} INFO - [2024-11-12T07:51:07.457+0000] {dag.py:2676} INFO - Sync 1 DAGs
[2024-11-12T07:51:07.493+0000] {logging_mixin.py:137} INFO - [2024-11-12T07:51:07.493+0000] {dag.py:3427} INFO - Setting next_dagrun for naive_bayes_dag to 2024-11-11T00:00:00+00:00, run_after=2024-11-12T00:00:00+00:00
[2024-11-12T07:51:07.519+0000] {processor.py:175} INFO - Processing /opt/airflow/dags/naive_bayes_dag.py took 0.833 seconds
[2024-11-12T07:51:37.749+0000] {processor.py:153} INFO - Started process (PID=131) to work on /opt/airflow/dags/naive_bayes_dag.py
[2024-11-12T07:51:37.751+0000] {processor.py:743} INFO - Processing file /opt/airflow/dags/naive_bayes_dag.py for tasks to queue
[2024-11-12T07:51:37.752+0000] {logging_mixin.py:137} INFO - [2024-11-12T07:51:37.752+0000] {dagbag.py:538} INFO - Filling up the DagBag from /opt/airflow/dags/naive_bayes_dag.py
[2024-11-12T07:51:38.716+0000] {processor.py:753} INFO - DAG(s) dict_keys(['naive_bayes_dag']) retrieved from /opt/airflow/dags/naive_bayes_dag.py
[2024-11-12T07:51:38.756+0000] {logging_mixin.py:137} INFO - [2024-11-12T07:51:38.756+0000] {dag.py:2676} INFO - Sync 1 DAGs
[2024-11-12T07:51:38.786+0000] {logging_mixin.py:137} INFO - [2024-11-12T07:51:38.785+0000] {dag.py:3427} INFO - Setting next_dagrun for naive_bayes_dag to 2024-11-11T00:00:00+00:00, run_after=2024-11-12T00:00:00+00:00
[2024-11-12T07:51:38.813+0000] {processor.py:175} INFO - Processing /opt/airflow/dags/naive_bayes_dag.py took 1.068 seconds
[2024-11-12T07:52:09.692+0000] {processor.py:153} INFO - Started process (PID=155) to work on /opt/airflow/dags/naive_bayes_dag.py
[2024-11-12T07:52:09.694+0000] {processor.py:743} INFO - Processing file /opt/airflow/dags/naive_bayes_dag.py for tasks to queue
[2024-11-12T07:52:09.695+0000] {logging_mixin.py:137} INFO - [2024-11-12T07:52:09.695+0000] {dagbag.py:538} INFO - Filling up the DagBag from /opt/airflow/dags/naive_bayes_dag.py
[2024-11-12T07:52:10.372+0000] {processor.py:753} INFO - DAG(s) dict_keys(['naive_bayes_dag']) retrieved from /opt/airflow/dags/naive_bayes_dag.py
[2024-11-12T07:52:10.560+0000] {logging_mixin.py:137} INFO - [2024-11-12T07:52:10.559+0000] {dag.py:2676} INFO - Sync 1 DAGs
[2024-11-12T07:52:10.589+0000] {logging_mixin.py:137} INFO - [2024-11-12T07:52:10.588+0000] {dag.py:3427} INFO - Setting next_dagrun for naive_bayes_dag to 2024-11-11T00:00:00+00:00, run_after=2024-11-12T00:00:00+00:00
[2024-11-12T07:52:10.618+0000] {processor.py:175} INFO - Processing /opt/airflow/dags/naive_bayes_dag.py took 0.930 seconds
[2024-11-12T07:52:40.901+0000] {processor.py:153} INFO - Started process (PID=173) to work on /opt/airflow/dags/naive_bayes_dag.py
[2024-11-12T07:52:40.902+0000] {processor.py:743} INFO - Processing file /opt/airflow/dags/naive_bayes_dag.py for tasks to queue
[2024-11-12T07:52:40.903+0000] {logging_mixin.py:137} INFO - [2024-11-12T07:52:40.903+0000] {dagbag.py:538} INFO - Filling up the DagBag from /opt/airflow/dags/naive_bayes_dag.py
[2024-11-12T07:52:41.511+0000] {processor.py:753} INFO - DAG(s) dict_keys(['naive_bayes_dag']) retrieved from /opt/airflow/dags/naive_bayes_dag.py
[2024-11-12T07:52:41.705+0000] {logging_mixin.py:137} INFO - [2024-11-12T07:52:41.705+0000] {dag.py:2676} INFO - Sync 1 DAGs
[2024-11-12T07:52:41.738+0000] {logging_mixin.py:137} INFO - [2024-11-12T07:52:41.738+0000] {dag.py:3427} INFO - Setting next_dagrun for naive_bayes_dag to 2024-11-11T00:00:00+00:00, run_after=2024-11-12T00:00:00+00:00
[2024-11-12T07:52:41.765+0000] {processor.py:175} INFO - Processing /opt/airflow/dags/naive_bayes_dag.py took 0.868 seconds
[2024-11-12T07:53:11.976+0000] {processor.py:153} INFO - Started process (PID=179) to work on /opt/airflow/dags/naive_bayes_dag.py
[2024-11-12T07:53:11.977+0000] {processor.py:743} INFO - Processing file /opt/airflow/dags/naive_bayes_dag.py for tasks to queue
[2024-11-12T07:53:11.979+0000] {logging_mixin.py:137} INFO - [2024-11-12T07:53:11.978+0000] {dagbag.py:538} INFO - Filling up the DagBag from /opt/airflow/dags/naive_bayes_dag.py
[2024-11-12T07:53:12.705+0000] {processor.py:753} INFO - DAG(s) dict_keys(['naive_bayes_dag']) retrieved from /opt/airflow/dags/naive_bayes_dag.py
[2024-11-12T07:53:12.901+0000] {logging_mixin.py:137} INFO - [2024-11-12T07:53:12.900+0000] {dag.py:2676} INFO - Sync 1 DAGs
[2024-11-12T07:53:12.924+0000] {logging_mixin.py:137} INFO - [2024-11-12T07:53:12.924+0000] {dag.py:3427} INFO - Setting next_dagrun for naive_bayes_dag to 2024-11-11T00:00:00+00:00, run_after=2024-11-12T00:00:00+00:00
[2024-11-12T07:53:12.946+0000] {processor.py:175} INFO - Processing /opt/airflow/dags/naive_bayes_dag.py took 0.975 seconds
[2024-11-12T07:53:43.440+0000] {processor.py:153} INFO - Started process (PID=185) to work on /opt/airflow/dags/naive_bayes_dag.py
[2024-11-12T07:53:43.441+0000] {processor.py:743} INFO - Processing file /opt/airflow/dags/naive_bayes_dag.py for tasks to queue
[2024-11-12T07:53:43.442+0000] {logging_mixin.py:137} INFO - [2024-11-12T07:53:43.442+0000] {dagbag.py:538} INFO - Filling up the DagBag from /opt/airflow/dags/naive_bayes_dag.py
[2024-11-12T07:53:44.162+0000] {processor.py:753} INFO - DAG(s) dict_keys(['naive_bayes_dag']) retrieved from /opt/airflow/dags/naive_bayes_dag.py
[2024-11-12T07:53:44.190+0000] {logging_mixin.py:137} INFO - [2024-11-12T07:53:44.189+0000] {dag.py:2676} INFO - Sync 1 DAGs
[2024-11-12T07:53:44.212+0000] {logging_mixin.py:137} INFO - [2024-11-12T07:53:44.212+0000] {dag.py:3427} INFO - Setting next_dagrun for naive_bayes_dag to 2024-11-11T00:00:00+00:00, run_after=2024-11-12T00:00:00+00:00
[2024-11-12T07:53:44.238+0000] {processor.py:175} INFO - Processing /opt/airflow/dags/naive_bayes_dag.py took 0.802 seconds
[2024-11-12T07:54:14.461+0000] {processor.py:153} INFO - Started process (PID=191) to work on /opt/airflow/dags/naive_bayes_dag.py
[2024-11-12T07:54:14.463+0000] {processor.py:743} INFO - Processing file /opt/airflow/dags/naive_bayes_dag.py for tasks to queue
[2024-11-12T07:54:14.464+0000] {logging_mixin.py:137} INFO - [2024-11-12T07:54:14.464+0000] {dagbag.py:538} INFO - Filling up the DagBag from /opt/airflow/dags/naive_bayes_dag.py
[2024-11-12T07:54:15.336+0000] {processor.py:753} INFO - DAG(s) dict_keys(['naive_bayes_dag']) retrieved from /opt/airflow/dags/naive_bayes_dag.py
[2024-11-12T07:54:15.365+0000] {logging_mixin.py:137} INFO - [2024-11-12T07:54:15.365+0000] {dag.py:2676} INFO - Sync 1 DAGs
[2024-11-12T07:54:15.387+0000] {logging_mixin.py:137} INFO - [2024-11-12T07:54:15.387+0000] {dag.py:3427} INFO - Setting next_dagrun for naive_bayes_dag to 2024-11-11T00:00:00+00:00, run_after=2024-11-12T00:00:00+00:00
[2024-11-12T07:54:15.412+0000] {processor.py:175} INFO - Processing /opt/airflow/dags/naive_bayes_dag.py took 0.954 seconds
[2024-11-12T07:54:45.554+0000] {processor.py:153} INFO - Started process (PID=197) to work on /opt/airflow/dags/naive_bayes_dag.py
[2024-11-12T07:54:45.556+0000] {processor.py:743} INFO - Processing file /opt/airflow/dags/naive_bayes_dag.py for tasks to queue
[2024-11-12T07:54:45.557+0000] {logging_mixin.py:137} INFO - [2024-11-12T07:54:45.557+0000] {dagbag.py:538} INFO - Filling up the DagBag from /opt/airflow/dags/naive_bayes_dag.py
[2024-11-12T07:54:46.338+0000] {processor.py:753} INFO - DAG(s) dict_keys(['naive_bayes_dag']) retrieved from /opt/airflow/dags/naive_bayes_dag.py
[2024-11-12T07:54:46.372+0000] {logging_mixin.py:137} INFO - [2024-11-12T07:54:46.371+0000] {dag.py:2676} INFO - Sync 1 DAGs
[2024-11-12T07:54:46.403+0000] {logging_mixin.py:137} INFO - [2024-11-12T07:54:46.403+0000] {dag.py:3427} INFO - Setting next_dagrun for naive_bayes_dag to 2024-11-11T00:00:00+00:00, run_after=2024-11-12T00:00:00+00:00
[2024-11-12T07:54:46.432+0000] {processor.py:175} INFO - Processing /opt/airflow/dags/naive_bayes_dag.py took 0.889 seconds
[2024-11-12T07:55:16.606+0000] {processor.py:153} INFO - Started process (PID=203) to work on /opt/airflow/dags/naive_bayes_dag.py
[2024-11-12T07:55:16.608+0000] {processor.py:743} INFO - Processing file /opt/airflow/dags/naive_bayes_dag.py for tasks to queue
[2024-11-12T07:55:16.609+0000] {logging_mixin.py:137} INFO - [2024-11-12T07:55:16.609+0000] {dagbag.py:538} INFO - Filling up the DagBag from /opt/airflow/dags/naive_bayes_dag.py
[2024-11-12T07:55:17.587+0000] {processor.py:753} INFO - DAG(s) dict_keys(['naive_bayes_dag']) retrieved from /opt/airflow/dags/naive_bayes_dag.py
[2024-11-12T07:55:17.616+0000] {logging_mixin.py:137} INFO - [2024-11-12T07:55:17.616+0000] {dag.py:2676} INFO - Sync 1 DAGs
[2024-11-12T07:55:17.643+0000] {logging_mixin.py:137} INFO - [2024-11-12T07:55:17.643+0000] {dag.py:3427} INFO - Setting next_dagrun for naive_bayes_dag to 2024-11-11T00:00:00+00:00, run_after=2024-11-12T00:00:00+00:00
[2024-11-12T07:55:17.670+0000] {processor.py:175} INFO - Processing /opt/airflow/dags/naive_bayes_dag.py took 1.069 seconds
