[2024-11-12T07:34:35.240+0000] {processor.py:153} INFO - Started process (PID=80) to work on /opt/airflow/dags/svm_dag.py
[2024-11-12T07:34:35.243+0000] {processor.py:743} INFO - Processing file /opt/airflow/dags/svm_dag.py for tasks to queue
[2024-11-12T07:34:35.247+0000] {logging_mixin.py:137} INFO - [2024-11-12T07:34:35.247+0000] {dagbag.py:538} INFO - Filling up the DagBag from /opt/airflow/dags/svm_dag.py
[2024-11-12T07:34:35.303+0000] {logging_mixin.py:137} INFO - [2024-11-12T07:34:35.298+0000] {dagbag.py:343} ERROR - Failed to import: /opt/airflow/dags/svm_dag.py
Traceback (most recent call last):
  File "/home/airflow/.local/lib/python3.7/site-packages/airflow/models/dagbag.py", line 339, in parse
    loader.exec_module(new_module)
  File "<frozen importlib._bootstrap_external>", line 728, in exec_module
  File "<frozen importlib._bootstrap>", line 219, in _call_with_frames_removed
  File "/opt/airflow/dags/svm_dag.py", line 4, in <module>
    from sklearn.svm import SVC
ModuleNotFoundError: No module named 'sklearn'
[2024-11-12T07:34:35.304+0000] {processor.py:755} WARNING - No viable dags retrieved from /opt/airflow/dags/svm_dag.py
[2024-11-12T07:34:35.339+0000] {processor.py:175} INFO - Processing /opt/airflow/dags/svm_dag.py took 0.109 seconds
[2024-11-12T07:35:05.609+0000] {processor.py:153} INFO - Started process (PID=82) to work on /opt/airflow/dags/svm_dag.py
[2024-11-12T07:35:05.612+0000] {processor.py:743} INFO - Processing file /opt/airflow/dags/svm_dag.py for tasks to queue
[2024-11-12T07:35:05.613+0000] {logging_mixin.py:137} INFO - [2024-11-12T07:35:05.613+0000] {dagbag.py:538} INFO - Filling up the DagBag from /opt/airflow/dags/svm_dag.py
[2024-11-12T07:35:05.629+0000] {logging_mixin.py:137} INFO - [2024-11-12T07:35:05.627+0000] {dagbag.py:343} ERROR - Failed to import: /opt/airflow/dags/svm_dag.py
Traceback (most recent call last):
  File "/home/airflow/.local/lib/python3.7/site-packages/airflow/models/dagbag.py", line 339, in parse
    loader.exec_module(new_module)
  File "<frozen importlib._bootstrap_external>", line 728, in exec_module
  File "<frozen importlib._bootstrap>", line 219, in _call_with_frames_removed
  File "/opt/airflow/dags/svm_dag.py", line 4, in <module>
    from sklearn.svm import SVC
ModuleNotFoundError: No module named 'sklearn'
[2024-11-12T07:35:05.630+0000] {processor.py:755} WARNING - No viable dags retrieved from /opt/airflow/dags/svm_dag.py
[2024-11-12T07:35:05.654+0000] {processor.py:175} INFO - Processing /opt/airflow/dags/svm_dag.py took 0.052 seconds
[2024-11-12T07:35:36.655+0000] {processor.py:153} INFO - Started process (PID=84) to work on /opt/airflow/dags/svm_dag.py
[2024-11-12T07:35:36.656+0000] {processor.py:743} INFO - Processing file /opt/airflow/dags/svm_dag.py for tasks to queue
[2024-11-12T07:35:36.658+0000] {logging_mixin.py:137} INFO - [2024-11-12T07:35:36.658+0000] {dagbag.py:538} INFO - Filling up the DagBag from /opt/airflow/dags/svm_dag.py
[2024-11-12T07:35:36.679+0000] {logging_mixin.py:137} INFO - [2024-11-12T07:35:36.677+0000] {dagbag.py:343} ERROR - Failed to import: /opt/airflow/dags/svm_dag.py
Traceback (most recent call last):
  File "/home/airflow/.local/lib/python3.7/site-packages/airflow/models/dagbag.py", line 339, in parse
    loader.exec_module(new_module)
  File "<frozen importlib._bootstrap_external>", line 728, in exec_module
  File "<frozen importlib._bootstrap>", line 219, in _call_with_frames_removed
  File "/opt/airflow/dags/svm_dag.py", line 4, in <module>
    from sklearn.svm import SVC
ModuleNotFoundError: No module named 'sklearn'
[2024-11-12T07:35:36.680+0000] {processor.py:755} WARNING - No viable dags retrieved from /opt/airflow/dags/svm_dag.py
[2024-11-12T07:35:36.710+0000] {processor.py:175} INFO - Processing /opt/airflow/dags/svm_dag.py took 0.064 seconds
[2024-11-12T07:36:06.863+0000] {processor.py:153} INFO - Started process (PID=86) to work on /opt/airflow/dags/svm_dag.py
[2024-11-12T07:36:06.867+0000] {processor.py:743} INFO - Processing file /opt/airflow/dags/svm_dag.py for tasks to queue
[2024-11-12T07:36:06.868+0000] {logging_mixin.py:137} INFO - [2024-11-12T07:36:06.868+0000] {dagbag.py:538} INFO - Filling up the DagBag from /opt/airflow/dags/svm_dag.py
[2024-11-12T07:36:06.894+0000] {logging_mixin.py:137} INFO - [2024-11-12T07:36:06.891+0000] {dagbag.py:343} ERROR - Failed to import: /opt/airflow/dags/svm_dag.py
Traceback (most recent call last):
  File "/home/airflow/.local/lib/python3.7/site-packages/airflow/models/dagbag.py", line 339, in parse
    loader.exec_module(new_module)
  File "<frozen importlib._bootstrap_external>", line 728, in exec_module
  File "<frozen importlib._bootstrap>", line 219, in _call_with_frames_removed
  File "/opt/airflow/dags/svm_dag.py", line 4, in <module>
    from sklearn.svm import SVC
ModuleNotFoundError: No module named 'sklearn'
[2024-11-12T07:36:06.896+0000] {processor.py:755} WARNING - No viable dags retrieved from /opt/airflow/dags/svm_dag.py
[2024-11-12T07:36:06.979+0000] {processor.py:175} INFO - Processing /opt/airflow/dags/svm_dag.py took 0.127 seconds
[2024-11-12T07:36:37.159+0000] {processor.py:153} INFO - Started process (PID=88) to work on /opt/airflow/dags/svm_dag.py
[2024-11-12T07:36:37.162+0000] {processor.py:743} INFO - Processing file /opt/airflow/dags/svm_dag.py for tasks to queue
[2024-11-12T07:36:37.169+0000] {logging_mixin.py:137} INFO - [2024-11-12T07:36:37.169+0000] {dagbag.py:538} INFO - Filling up the DagBag from /opt/airflow/dags/svm_dag.py
[2024-11-12T07:36:37.205+0000] {logging_mixin.py:137} INFO - [2024-11-12T07:36:37.200+0000] {dagbag.py:343} ERROR - Failed to import: /opt/airflow/dags/svm_dag.py
Traceback (most recent call last):
  File "/home/airflow/.local/lib/python3.7/site-packages/airflow/models/dagbag.py", line 339, in parse
    loader.exec_module(new_module)
  File "<frozen importlib._bootstrap_external>", line 728, in exec_module
  File "<frozen importlib._bootstrap>", line 219, in _call_with_frames_removed
  File "/opt/airflow/dags/svm_dag.py", line 4, in <module>
    from sklearn.svm import SVC
ModuleNotFoundError: No module named 'sklearn'
[2024-11-12T07:36:37.206+0000] {processor.py:755} WARNING - No viable dags retrieved from /opt/airflow/dags/svm_dag.py
[2024-11-12T07:36:37.236+0000] {processor.py:175} INFO - Processing /opt/airflow/dags/svm_dag.py took 0.081 seconds
[2024-11-12T07:37:07.395+0000] {processor.py:153} INFO - Started process (PID=90) to work on /opt/airflow/dags/svm_dag.py
[2024-11-12T07:37:07.398+0000] {processor.py:743} INFO - Processing file /opt/airflow/dags/svm_dag.py for tasks to queue
[2024-11-12T07:37:07.400+0000] {logging_mixin.py:137} INFO - [2024-11-12T07:37:07.399+0000] {dagbag.py:538} INFO - Filling up the DagBag from /opt/airflow/dags/svm_dag.py
[2024-11-12T07:37:07.414+0000] {logging_mixin.py:137} INFO - [2024-11-12T07:37:07.412+0000] {dagbag.py:343} ERROR - Failed to import: /opt/airflow/dags/svm_dag.py
Traceback (most recent call last):
  File "/home/airflow/.local/lib/python3.7/site-packages/airflow/models/dagbag.py", line 339, in parse
    loader.exec_module(new_module)
  File "<frozen importlib._bootstrap_external>", line 728, in exec_module
  File "<frozen importlib._bootstrap>", line 219, in _call_with_frames_removed
  File "/opt/airflow/dags/svm_dag.py", line 4, in <module>
    from sklearn.svm import SVC
ModuleNotFoundError: No module named 'sklearn'
[2024-11-12T07:37:07.415+0000] {processor.py:755} WARNING - No viable dags retrieved from /opt/airflow/dags/svm_dag.py
[2024-11-12T07:37:07.438+0000] {processor.py:175} INFO - Processing /opt/airflow/dags/svm_dag.py took 0.059 seconds
[2024-11-12T07:37:37.585+0000] {processor.py:153} INFO - Started process (PID=92) to work on /opt/airflow/dags/svm_dag.py
[2024-11-12T07:37:37.587+0000] {processor.py:743} INFO - Processing file /opt/airflow/dags/svm_dag.py for tasks to queue
[2024-11-12T07:37:37.588+0000] {logging_mixin.py:137} INFO - [2024-11-12T07:37:37.588+0000] {dagbag.py:538} INFO - Filling up the DagBag from /opt/airflow/dags/svm_dag.py
[2024-11-12T07:37:37.601+0000] {logging_mixin.py:137} INFO - [2024-11-12T07:37:37.600+0000] {dagbag.py:343} ERROR - Failed to import: /opt/airflow/dags/svm_dag.py
Traceback (most recent call last):
  File "/home/airflow/.local/lib/python3.7/site-packages/airflow/models/dagbag.py", line 339, in parse
    loader.exec_module(new_module)
  File "<frozen importlib._bootstrap_external>", line 728, in exec_module
  File "<frozen importlib._bootstrap>", line 219, in _call_with_frames_removed
  File "/opt/airflow/dags/svm_dag.py", line 4, in <module>
    from sklearn.svm import SVC
ModuleNotFoundError: No module named 'sklearn'
[2024-11-12T07:37:37.603+0000] {processor.py:755} WARNING - No viable dags retrieved from /opt/airflow/dags/svm_dag.py
[2024-11-12T07:37:37.624+0000] {processor.py:175} INFO - Processing /opt/airflow/dags/svm_dag.py took 0.056 seconds
[2024-11-12T07:38:07.769+0000] {processor.py:153} INFO - Started process (PID=94) to work on /opt/airflow/dags/svm_dag.py
[2024-11-12T07:38:07.771+0000] {processor.py:743} INFO - Processing file /opt/airflow/dags/svm_dag.py for tasks to queue
[2024-11-12T07:38:07.772+0000] {logging_mixin.py:137} INFO - [2024-11-12T07:38:07.772+0000] {dagbag.py:538} INFO - Filling up the DagBag from /opt/airflow/dags/svm_dag.py
[2024-11-12T07:38:07.786+0000] {logging_mixin.py:137} INFO - [2024-11-12T07:38:07.784+0000] {dagbag.py:343} ERROR - Failed to import: /opt/airflow/dags/svm_dag.py
Traceback (most recent call last):
  File "/home/airflow/.local/lib/python3.7/site-packages/airflow/models/dagbag.py", line 339, in parse
    loader.exec_module(new_module)
  File "<frozen importlib._bootstrap_external>", line 728, in exec_module
  File "<frozen importlib._bootstrap>", line 219, in _call_with_frames_removed
  File "/opt/airflow/dags/svm_dag.py", line 4, in <module>
    from sklearn.svm import SVC
ModuleNotFoundError: No module named 'sklearn'
[2024-11-12T07:38:07.787+0000] {processor.py:755} WARNING - No viable dags retrieved from /opt/airflow/dags/svm_dag.py
[2024-11-12T07:38:07.808+0000] {processor.py:175} INFO - Processing /opt/airflow/dags/svm_dag.py took 0.042 seconds
[2024-11-12T07:38:37.988+0000] {processor.py:153} INFO - Started process (PID=96) to work on /opt/airflow/dags/svm_dag.py
[2024-11-12T07:38:37.989+0000] {processor.py:743} INFO - Processing file /opt/airflow/dags/svm_dag.py for tasks to queue
[2024-11-12T07:38:37.990+0000] {logging_mixin.py:137} INFO - [2024-11-12T07:38:37.990+0000] {dagbag.py:538} INFO - Filling up the DagBag from /opt/airflow/dags/svm_dag.py
[2024-11-12T07:38:38.004+0000] {logging_mixin.py:137} INFO - [2024-11-12T07:38:38.002+0000] {dagbag.py:343} ERROR - Failed to import: /opt/airflow/dags/svm_dag.py
Traceback (most recent call last):
  File "/home/airflow/.local/lib/python3.7/site-packages/airflow/models/dagbag.py", line 339, in parse
    loader.exec_module(new_module)
  File "<frozen importlib._bootstrap_external>", line 728, in exec_module
  File "<frozen importlib._bootstrap>", line 219, in _call_with_frames_removed
  File "/opt/airflow/dags/svm_dag.py", line 4, in <module>
    from sklearn.svm import SVC
ModuleNotFoundError: No module named 'sklearn'
[2024-11-12T07:38:38.005+0000] {processor.py:755} WARNING - No viable dags retrieved from /opt/airflow/dags/svm_dag.py
[2024-11-12T07:38:38.032+0000] {processor.py:175} INFO - Processing /opt/airflow/dags/svm_dag.py took 0.048 seconds
[2024-11-12T07:39:08.217+0000] {processor.py:153} INFO - Started process (PID=98) to work on /opt/airflow/dags/svm_dag.py
[2024-11-12T07:39:08.218+0000] {processor.py:743} INFO - Processing file /opt/airflow/dags/svm_dag.py for tasks to queue
[2024-11-12T07:39:08.219+0000] {logging_mixin.py:137} INFO - [2024-11-12T07:39:08.219+0000] {dagbag.py:538} INFO - Filling up the DagBag from /opt/airflow/dags/svm_dag.py
[2024-11-12T07:39:08.233+0000] {logging_mixin.py:137} INFO - [2024-11-12T07:39:08.231+0000] {dagbag.py:343} ERROR - Failed to import: /opt/airflow/dags/svm_dag.py
Traceback (most recent call last):
  File "/home/airflow/.local/lib/python3.7/site-packages/airflow/models/dagbag.py", line 339, in parse
    loader.exec_module(new_module)
  File "<frozen importlib._bootstrap_external>", line 728, in exec_module
  File "<frozen importlib._bootstrap>", line 219, in _call_with_frames_removed
  File "/opt/airflow/dags/svm_dag.py", line 4, in <module>
    from sklearn.svm import SVC
ModuleNotFoundError: No module named 'sklearn'
[2024-11-12T07:39:08.234+0000] {processor.py:755} WARNING - No viable dags retrieved from /opt/airflow/dags/svm_dag.py
[2024-11-12T07:39:08.269+0000] {processor.py:175} INFO - Processing /opt/airflow/dags/svm_dag.py took 0.055 seconds
[2024-11-12T07:39:54.218+0000] {processor.py:153} INFO - Started process (PID=69) to work on /opt/airflow/dags/svm_dag.py
[2024-11-12T07:39:54.219+0000] {processor.py:743} INFO - Processing file /opt/airflow/dags/svm_dag.py for tasks to queue
[2024-11-12T07:39:54.220+0000] {logging_mixin.py:137} INFO - [2024-11-12T07:39:54.220+0000] {dagbag.py:538} INFO - Filling up the DagBag from /opt/airflow/dags/svm_dag.py
[2024-11-12T07:39:54.239+0000] {logging_mixin.py:137} INFO - [2024-11-12T07:39:54.236+0000] {dagbag.py:343} ERROR - Failed to import: /opt/airflow/dags/svm_dag.py
Traceback (most recent call last):
  File "/home/airflow/.local/lib/python3.7/site-packages/airflow/models/dagbag.py", line 339, in parse
    loader.exec_module(new_module)
  File "<frozen importlib._bootstrap_external>", line 728, in exec_module
  File "<frozen importlib._bootstrap>", line 219, in _call_with_frames_removed
  File "/opt/airflow/dags/svm_dag.py", line 4, in <module>
    from sklearn.svm import SVC
ModuleNotFoundError: No module named 'sklearn'
[2024-11-12T07:39:54.242+0000] {processor.py:755} WARNING - No viable dags retrieved from /opt/airflow/dags/svm_dag.py
[2024-11-12T07:39:54.272+0000] {processor.py:175} INFO - Processing /opt/airflow/dags/svm_dag.py took 0.058 seconds
[2024-11-12T07:40:24.505+0000] {processor.py:153} INFO - Started process (PID=84) to work on /opt/airflow/dags/svm_dag.py
[2024-11-12T07:40:24.506+0000] {processor.py:743} INFO - Processing file /opt/airflow/dags/svm_dag.py for tasks to queue
[2024-11-12T07:40:24.508+0000] {logging_mixin.py:137} INFO - [2024-11-12T07:40:24.508+0000] {dagbag.py:538} INFO - Filling up the DagBag from /opt/airflow/dags/svm_dag.py
[2024-11-12T07:40:24.664+0000] {logging_mixin.py:137} INFO - [2024-11-12T07:40:24.662+0000] {dagbag.py:343} ERROR - Failed to import: /opt/airflow/dags/svm_dag.py
Traceback (most recent call last):
  File "/home/airflow/.local/lib/python3.7/site-packages/airflow/models/dagbag.py", line 339, in parse
    loader.exec_module(new_module)
  File "<frozen importlib._bootstrap_external>", line 728, in exec_module
  File "<frozen importlib._bootstrap>", line 219, in _call_with_frames_removed
  File "/opt/airflow/dags/svm_dag.py", line 4, in <module>
    from sklearn.svm import SVC
ModuleNotFoundError: No module named 'sklearn'
[2024-11-12T07:40:24.665+0000] {processor.py:755} WARNING - No viable dags retrieved from /opt/airflow/dags/svm_dag.py
[2024-11-12T07:40:24.680+0000] {processor.py:175} INFO - Processing /opt/airflow/dags/svm_dag.py took 0.180 seconds
[2024-11-12T07:40:55.031+0000] {processor.py:153} INFO - Started process (PID=87) to work on /opt/airflow/dags/svm_dag.py
[2024-11-12T07:40:55.034+0000] {processor.py:743} INFO - Processing file /opt/airflow/dags/svm_dag.py for tasks to queue
[2024-11-12T07:40:55.036+0000] {logging_mixin.py:137} INFO - [2024-11-12T07:40:55.035+0000] {dagbag.py:538} INFO - Filling up the DagBag from /opt/airflow/dags/svm_dag.py
[2024-11-12T07:40:55.049+0000] {logging_mixin.py:137} INFO - [2024-11-12T07:40:55.047+0000] {dagbag.py:343} ERROR - Failed to import: /opt/airflow/dags/svm_dag.py
Traceback (most recent call last):
  File "/home/airflow/.local/lib/python3.7/site-packages/airflow/models/dagbag.py", line 339, in parse
    loader.exec_module(new_module)
  File "<frozen importlib._bootstrap_external>", line 728, in exec_module
  File "<frozen importlib._bootstrap>", line 219, in _call_with_frames_removed
  File "/opt/airflow/dags/svm_dag.py", line 4, in <module>
    from sklearn.svm import SVC
ModuleNotFoundError: No module named 'sklearn'
[2024-11-12T07:40:55.050+0000] {processor.py:755} WARNING - No viable dags retrieved from /opt/airflow/dags/svm_dag.py
[2024-11-12T07:40:55.081+0000] {processor.py:175} INFO - Processing /opt/airflow/dags/svm_dag.py took 0.055 seconds
[2024-11-12T07:41:25.409+0000] {processor.py:153} INFO - Started process (PID=90) to work on /opt/airflow/dags/svm_dag.py
[2024-11-12T07:41:25.410+0000] {processor.py:743} INFO - Processing file /opt/airflow/dags/svm_dag.py for tasks to queue
[2024-11-12T07:41:25.411+0000] {logging_mixin.py:137} INFO - [2024-11-12T07:41:25.411+0000] {dagbag.py:538} INFO - Filling up the DagBag from /opt/airflow/dags/svm_dag.py
[2024-11-12T07:41:25.426+0000] {logging_mixin.py:137} INFO - [2024-11-12T07:41:25.424+0000] {dagbag.py:343} ERROR - Failed to import: /opt/airflow/dags/svm_dag.py
Traceback (most recent call last):
  File "/home/airflow/.local/lib/python3.7/site-packages/airflow/models/dagbag.py", line 339, in parse
    loader.exec_module(new_module)
  File "<frozen importlib._bootstrap_external>", line 728, in exec_module
  File "<frozen importlib._bootstrap>", line 219, in _call_with_frames_removed
  File "/opt/airflow/dags/svm_dag.py", line 4, in <module>
    from sklearn.svm import SVC
ModuleNotFoundError: No module named 'sklearn'
[2024-11-12T07:41:25.427+0000] {processor.py:755} WARNING - No viable dags retrieved from /opt/airflow/dags/svm_dag.py
[2024-11-12T07:41:25.451+0000] {processor.py:175} INFO - Processing /opt/airflow/dags/svm_dag.py took 0.046 seconds
[2024-11-12T07:41:55.803+0000] {processor.py:153} INFO - Started process (PID=93) to work on /opt/airflow/dags/svm_dag.py
[2024-11-12T07:41:55.805+0000] {processor.py:743} INFO - Processing file /opt/airflow/dags/svm_dag.py for tasks to queue
[2024-11-12T07:41:55.806+0000] {logging_mixin.py:137} INFO - [2024-11-12T07:41:55.806+0000] {dagbag.py:538} INFO - Filling up the DagBag from /opt/airflow/dags/svm_dag.py
[2024-11-12T07:41:55.818+0000] {logging_mixin.py:137} INFO - [2024-11-12T07:41:55.815+0000] {dagbag.py:343} ERROR - Failed to import: /opt/airflow/dags/svm_dag.py
Traceback (most recent call last):
  File "/home/airflow/.local/lib/python3.7/site-packages/airflow/models/dagbag.py", line 339, in parse
    loader.exec_module(new_module)
  File "<frozen importlib._bootstrap_external>", line 728, in exec_module
  File "<frozen importlib._bootstrap>", line 219, in _call_with_frames_removed
  File "/opt/airflow/dags/svm_dag.py", line 4, in <module>
    from sklearn.svm import SVC
ModuleNotFoundError: No module named 'sklearn'
[2024-11-12T07:41:55.818+0000] {processor.py:755} WARNING - No viable dags retrieved from /opt/airflow/dags/svm_dag.py
[2024-11-12T07:41:55.840+0000] {processor.py:175} INFO - Processing /opt/airflow/dags/svm_dag.py took 0.041 seconds
[2024-11-12T07:42:26.198+0000] {processor.py:153} INFO - Started process (PID=96) to work on /opt/airflow/dags/svm_dag.py
[2024-11-12T07:42:26.200+0000] {processor.py:743} INFO - Processing file /opt/airflow/dags/svm_dag.py for tasks to queue
[2024-11-12T07:42:26.201+0000] {logging_mixin.py:137} INFO - [2024-11-12T07:42:26.201+0000] {dagbag.py:538} INFO - Filling up the DagBag from /opt/airflow/dags/svm_dag.py
[2024-11-12T07:42:26.211+0000] {logging_mixin.py:137} INFO - [2024-11-12T07:42:26.209+0000] {dagbag.py:343} ERROR - Failed to import: /opt/airflow/dags/svm_dag.py
Traceback (most recent call last):
  File "/home/airflow/.local/lib/python3.7/site-packages/airflow/models/dagbag.py", line 339, in parse
    loader.exec_module(new_module)
  File "<frozen importlib._bootstrap_external>", line 728, in exec_module
  File "<frozen importlib._bootstrap>", line 219, in _call_with_frames_removed
  File "/opt/airflow/dags/svm_dag.py", line 4, in <module>
    from sklearn.svm import SVC
ModuleNotFoundError: No module named 'sklearn'
[2024-11-12T07:42:26.212+0000] {processor.py:755} WARNING - No viable dags retrieved from /opt/airflow/dags/svm_dag.py
[2024-11-12T07:42:26.232+0000] {processor.py:175} INFO - Processing /opt/airflow/dags/svm_dag.py took 0.038 seconds
[2024-11-12T07:43:14.635+0000] {processor.py:153} INFO - Started process (PID=69) to work on /opt/airflow/dags/svm_dag.py
[2024-11-12T07:43:14.637+0000] {processor.py:743} INFO - Processing file /opt/airflow/dags/svm_dag.py for tasks to queue
[2024-11-12T07:43:14.638+0000] {logging_mixin.py:137} INFO - [2024-11-12T07:43:14.638+0000] {dagbag.py:538} INFO - Filling up the DagBag from /opt/airflow/dags/svm_dag.py
[2024-11-12T07:43:14.651+0000] {logging_mixin.py:137} INFO - [2024-11-12T07:43:14.649+0000] {dagbag.py:343} ERROR - Failed to import: /opt/airflow/dags/svm_dag.py
Traceback (most recent call last):
  File "/home/airflow/.local/lib/python3.7/site-packages/airflow/models/dagbag.py", line 339, in parse
    loader.exec_module(new_module)
  File "<frozen importlib._bootstrap_external>", line 728, in exec_module
  File "<frozen importlib._bootstrap>", line 219, in _call_with_frames_removed
  File "/opt/airflow/dags/svm_dag.py", line 4, in <module>
    from sklearn.svm import SVC
ModuleNotFoundError: No module named 'sklearn'
[2024-11-12T07:43:14.652+0000] {processor.py:755} WARNING - No viable dags retrieved from /opt/airflow/dags/svm_dag.py
[2024-11-12T07:43:14.800+0000] {processor.py:175} INFO - Processing /opt/airflow/dags/svm_dag.py took 0.171 seconds
[2024-11-12T07:43:45.807+0000] {processor.py:153} INFO - Started process (PID=84) to work on /opt/airflow/dags/svm_dag.py
[2024-11-12T07:43:45.808+0000] {processor.py:743} INFO - Processing file /opt/airflow/dags/svm_dag.py for tasks to queue
[2024-11-12T07:43:45.809+0000] {logging_mixin.py:137} INFO - [2024-11-12T07:43:45.809+0000] {dagbag.py:538} INFO - Filling up the DagBag from /opt/airflow/dags/svm_dag.py
[2024-11-12T07:43:46.030+0000] {logging_mixin.py:137} INFO - [2024-11-12T07:43:46.028+0000] {dagbag.py:343} ERROR - Failed to import: /opt/airflow/dags/svm_dag.py
Traceback (most recent call last):
  File "/home/airflow/.local/lib/python3.7/site-packages/airflow/models/dagbag.py", line 339, in parse
    loader.exec_module(new_module)
  File "<frozen importlib._bootstrap_external>", line 728, in exec_module
  File "<frozen importlib._bootstrap>", line 219, in _call_with_frames_removed
  File "/opt/airflow/dags/svm_dag.py", line 4, in <module>
    from sklearn.svm import SVC
ModuleNotFoundError: No module named 'sklearn'
[2024-11-12T07:43:46.031+0000] {processor.py:755} WARNING - No viable dags retrieved from /opt/airflow/dags/svm_dag.py
[2024-11-12T07:43:46.093+0000] {processor.py:175} INFO - Processing /opt/airflow/dags/svm_dag.py took 0.290 seconds
[2024-11-12T07:44:16.207+0000] {processor.py:153} INFO - Started process (PID=87) to work on /opt/airflow/dags/svm_dag.py
[2024-11-12T07:44:16.208+0000] {processor.py:743} INFO - Processing file /opt/airflow/dags/svm_dag.py for tasks to queue
[2024-11-12T07:44:16.209+0000] {logging_mixin.py:137} INFO - [2024-11-12T07:44:16.209+0000] {dagbag.py:538} INFO - Filling up the DagBag from /opt/airflow/dags/svm_dag.py
[2024-11-12T07:44:16.222+0000] {logging_mixin.py:137} INFO - [2024-11-12T07:44:16.219+0000] {dagbag.py:343} ERROR - Failed to import: /opt/airflow/dags/svm_dag.py
Traceback (most recent call last):
  File "/home/airflow/.local/lib/python3.7/site-packages/airflow/models/dagbag.py", line 339, in parse
    loader.exec_module(new_module)
  File "<frozen importlib._bootstrap_external>", line 728, in exec_module
  File "<frozen importlib._bootstrap>", line 219, in _call_with_frames_removed
  File "/opt/airflow/dags/svm_dag.py", line 4, in <module>
    from sklearn.svm import SVC
ModuleNotFoundError: No module named 'sklearn'
[2024-11-12T07:44:16.222+0000] {processor.py:755} WARNING - No viable dags retrieved from /opt/airflow/dags/svm_dag.py
[2024-11-12T07:44:16.242+0000] {processor.py:175} INFO - Processing /opt/airflow/dags/svm_dag.py took 0.039 seconds
[2024-11-12T07:44:46.626+0000] {processor.py:153} INFO - Started process (PID=90) to work on /opt/airflow/dags/svm_dag.py
[2024-11-12T07:44:46.628+0000] {processor.py:743} INFO - Processing file /opt/airflow/dags/svm_dag.py for tasks to queue
[2024-11-12T07:44:46.629+0000] {logging_mixin.py:137} INFO - [2024-11-12T07:44:46.629+0000] {dagbag.py:538} INFO - Filling up the DagBag from /opt/airflow/dags/svm_dag.py
[2024-11-12T07:44:46.649+0000] {logging_mixin.py:137} INFO - [2024-11-12T07:44:46.647+0000] {dagbag.py:343} ERROR - Failed to import: /opt/airflow/dags/svm_dag.py
Traceback (most recent call last):
  File "/home/airflow/.local/lib/python3.7/site-packages/airflow/models/dagbag.py", line 339, in parse
    loader.exec_module(new_module)
  File "<frozen importlib._bootstrap_external>", line 728, in exec_module
  File "<frozen importlib._bootstrap>", line 219, in _call_with_frames_removed
  File "/opt/airflow/dags/svm_dag.py", line 4, in <module>
    from sklearn.svm import SVC
ModuleNotFoundError: No module named 'sklearn'
[2024-11-12T07:44:46.650+0000] {processor.py:755} WARNING - No viable dags retrieved from /opt/airflow/dags/svm_dag.py
[2024-11-12T07:44:46.677+0000] {processor.py:175} INFO - Processing /opt/airflow/dags/svm_dag.py took 0.057 seconds
[2024-11-12T07:45:17.270+0000] {processor.py:153} INFO - Started process (PID=93) to work on /opt/airflow/dags/svm_dag.py
[2024-11-12T07:45:17.272+0000] {processor.py:743} INFO - Processing file /opt/airflow/dags/svm_dag.py for tasks to queue
[2024-11-12T07:45:17.273+0000] {logging_mixin.py:137} INFO - [2024-11-12T07:45:17.273+0000] {dagbag.py:538} INFO - Filling up the DagBag from /opt/airflow/dags/svm_dag.py
[2024-11-12T07:45:17.285+0000] {logging_mixin.py:137} INFO - [2024-11-12T07:45:17.283+0000] {dagbag.py:343} ERROR - Failed to import: /opt/airflow/dags/svm_dag.py
Traceback (most recent call last):
  File "/home/airflow/.local/lib/python3.7/site-packages/airflow/models/dagbag.py", line 339, in parse
    loader.exec_module(new_module)
  File "<frozen importlib._bootstrap_external>", line 728, in exec_module
  File "<frozen importlib._bootstrap>", line 219, in _call_with_frames_removed
  File "/opt/airflow/dags/svm_dag.py", line 4, in <module>
    from sklearn.svm import SVC
ModuleNotFoundError: No module named 'sklearn'
[2024-11-12T07:45:17.286+0000] {processor.py:755} WARNING - No viable dags retrieved from /opt/airflow/dags/svm_dag.py
[2024-11-12T07:45:17.307+0000] {processor.py:175} INFO - Processing /opt/airflow/dags/svm_dag.py took 0.042 seconds
[2024-11-12T07:45:47.672+0000] {processor.py:153} INFO - Started process (PID=96) to work on /opt/airflow/dags/svm_dag.py
[2024-11-12T07:45:47.674+0000] {processor.py:743} INFO - Processing file /opt/airflow/dags/svm_dag.py for tasks to queue
[2024-11-12T07:45:47.675+0000] {logging_mixin.py:137} INFO - [2024-11-12T07:45:47.675+0000] {dagbag.py:538} INFO - Filling up the DagBag from /opt/airflow/dags/svm_dag.py
[2024-11-12T07:45:47.701+0000] {logging_mixin.py:137} INFO - [2024-11-12T07:45:47.696+0000] {dagbag.py:343} ERROR - Failed to import: /opt/airflow/dags/svm_dag.py
Traceback (most recent call last):
  File "/home/airflow/.local/lib/python3.7/site-packages/airflow/models/dagbag.py", line 339, in parse
    loader.exec_module(new_module)
  File "<frozen importlib._bootstrap_external>", line 728, in exec_module
  File "<frozen importlib._bootstrap>", line 219, in _call_with_frames_removed
  File "/opt/airflow/dags/svm_dag.py", line 4, in <module>
    from sklearn.svm import SVC
ModuleNotFoundError: No module named 'sklearn'
[2024-11-12T07:45:47.702+0000] {processor.py:755} WARNING - No viable dags retrieved from /opt/airflow/dags/svm_dag.py
[2024-11-12T07:45:47.746+0000] {processor.py:175} INFO - Processing /opt/airflow/dags/svm_dag.py took 0.080 seconds
[2024-11-12T07:46:18.103+0000] {processor.py:153} INFO - Started process (PID=99) to work on /opt/airflow/dags/svm_dag.py
[2024-11-12T07:46:18.105+0000] {processor.py:743} INFO - Processing file /opt/airflow/dags/svm_dag.py for tasks to queue
[2024-11-12T07:46:18.106+0000] {logging_mixin.py:137} INFO - [2024-11-12T07:46:18.106+0000] {dagbag.py:538} INFO - Filling up the DagBag from /opt/airflow/dags/svm_dag.py
[2024-11-12T07:46:18.118+0000] {logging_mixin.py:137} INFO - [2024-11-12T07:46:18.116+0000] {dagbag.py:343} ERROR - Failed to import: /opt/airflow/dags/svm_dag.py
Traceback (most recent call last):
  File "/home/airflow/.local/lib/python3.7/site-packages/airflow/models/dagbag.py", line 339, in parse
    loader.exec_module(new_module)
  File "<frozen importlib._bootstrap_external>", line 728, in exec_module
  File "<frozen importlib._bootstrap>", line 219, in _call_with_frames_removed
  File "/opt/airflow/dags/svm_dag.py", line 4, in <module>
    from sklearn.svm import SVC
ModuleNotFoundError: No module named 'sklearn'
[2024-11-12T07:46:18.119+0000] {processor.py:755} WARNING - No viable dags retrieved from /opt/airflow/dags/svm_dag.py
[2024-11-12T07:46:18.139+0000] {processor.py:175} INFO - Processing /opt/airflow/dags/svm_dag.py took 0.042 seconds
[2024-11-12T07:46:48.360+0000] {processor.py:153} INFO - Started process (PID=102) to work on /opt/airflow/dags/svm_dag.py
[2024-11-12T07:46:48.362+0000] {processor.py:743} INFO - Processing file /opt/airflow/dags/svm_dag.py for tasks to queue
[2024-11-12T07:46:48.363+0000] {logging_mixin.py:137} INFO - [2024-11-12T07:46:48.363+0000] {dagbag.py:538} INFO - Filling up the DagBag from /opt/airflow/dags/svm_dag.py
[2024-11-12T07:46:48.378+0000] {logging_mixin.py:137} INFO - [2024-11-12T07:46:48.376+0000] {dagbag.py:343} ERROR - Failed to import: /opt/airflow/dags/svm_dag.py
Traceback (most recent call last):
  File "/home/airflow/.local/lib/python3.7/site-packages/airflow/models/dagbag.py", line 339, in parse
    loader.exec_module(new_module)
  File "<frozen importlib._bootstrap_external>", line 728, in exec_module
  File "<frozen importlib._bootstrap>", line 219, in _call_with_frames_removed
  File "/opt/airflow/dags/svm_dag.py", line 4, in <module>
    from sklearn.svm import SVC
ModuleNotFoundError: No module named 'sklearn'
[2024-11-12T07:46:48.379+0000] {processor.py:755} WARNING - No viable dags retrieved from /opt/airflow/dags/svm_dag.py
[2024-11-12T07:46:48.404+0000] {processor.py:175} INFO - Processing /opt/airflow/dags/svm_dag.py took 0.048 seconds
[2024-11-12T07:48:32.524+0000] {processor.py:153} INFO - Started process (PID=77) to work on /opt/airflow/dags/svm_dag.py
[2024-11-12T07:48:32.529+0000] {processor.py:743} INFO - Processing file /opt/airflow/dags/svm_dag.py for tasks to queue
[2024-11-12T07:48:32.531+0000] {logging_mixin.py:137} INFO - [2024-11-12T07:48:32.530+0000] {dagbag.py:538} INFO - Filling up the DagBag from /opt/airflow/dags/svm_dag.py
[2024-11-12T07:48:33.704+0000] {processor.py:753} INFO - DAG(s) dict_keys(['svm_dag']) retrieved from /opt/airflow/dags/svm_dag.py
[2024-11-12T07:48:33.853+0000] {logging_mixin.py:137} INFO - [2024-11-12T07:48:33.853+0000] {manager.py:504} INFO - Created Permission View: can edit on DAG:svm_dag
[2024-11-12T07:48:33.867+0000] {logging_mixin.py:137} INFO - [2024-11-12T07:48:33.867+0000] {manager.py:504} INFO - Created Permission View: can delete on DAG:svm_dag
[2024-11-12T07:48:33.879+0000] {logging_mixin.py:137} INFO - [2024-11-12T07:48:33.879+0000] {manager.py:504} INFO - Created Permission View: can read on DAG:svm_dag
[2024-11-12T07:48:33.880+0000] {logging_mixin.py:137} INFO - [2024-11-12T07:48:33.880+0000] {dag.py:2676} INFO - Sync 1 DAGs
[2024-11-12T07:48:33.898+0000] {logging_mixin.py:137} INFO - [2024-11-12T07:48:33.897+0000] {dag.py:2697} INFO - Creating ORM DAG for svm_dag
[2024-11-12T07:48:33.925+0000] {logging_mixin.py:137} INFO - [2024-11-12T07:48:33.925+0000] {dag.py:3427} INFO - Setting next_dagrun for svm_dag to 2024-11-11T00:00:00+00:00, run_after=2024-11-12T00:00:00+00:00
[2024-11-12T07:48:34.064+0000] {processor.py:175} INFO - Processing /opt/airflow/dags/svm_dag.py took 1.549 seconds
[2024-11-12T07:49:04.735+0000] {processor.py:153} INFO - Started process (PID=88) to work on /opt/airflow/dags/svm_dag.py
[2024-11-12T07:49:04.737+0000] {processor.py:743} INFO - Processing file /opt/airflow/dags/svm_dag.py for tasks to queue
[2024-11-12T07:49:04.739+0000] {logging_mixin.py:137} INFO - [2024-11-12T07:49:04.739+0000] {dagbag.py:538} INFO - Filling up the DagBag from /opt/airflow/dags/svm_dag.py
[2024-11-12T07:49:05.688+0000] {processor.py:753} INFO - DAG(s) dict_keys(['svm_dag']) retrieved from /opt/airflow/dags/svm_dag.py
[2024-11-12T07:49:05.725+0000] {logging_mixin.py:137} INFO - [2024-11-12T07:49:05.724+0000] {dag.py:2676} INFO - Sync 1 DAGs
[2024-11-12T07:49:05.756+0000] {logging_mixin.py:137} INFO - [2024-11-12T07:49:05.756+0000] {dag.py:3427} INFO - Setting next_dagrun for svm_dag to 2024-11-11T00:00:00+00:00, run_after=2024-11-12T00:00:00+00:00
[2024-11-12T07:49:05.787+0000] {processor.py:175} INFO - Processing /opt/airflow/dags/svm_dag.py took 1.056 seconds
[2024-11-12T07:49:36.277+0000] {processor.py:153} INFO - Started process (PID=94) to work on /opt/airflow/dags/svm_dag.py
[2024-11-12T07:49:36.279+0000] {processor.py:743} INFO - Processing file /opt/airflow/dags/svm_dag.py for tasks to queue
[2024-11-12T07:49:36.280+0000] {logging_mixin.py:137} INFO - [2024-11-12T07:49:36.280+0000] {dagbag.py:538} INFO - Filling up the DagBag from /opt/airflow/dags/svm_dag.py
[2024-11-12T07:49:37.049+0000] {processor.py:753} INFO - DAG(s) dict_keys(['svm_dag']) retrieved from /opt/airflow/dags/svm_dag.py
[2024-11-12T07:49:37.084+0000] {logging_mixin.py:137} INFO - [2024-11-12T07:49:37.083+0000] {dag.py:2676} INFO - Sync 1 DAGs
[2024-11-12T07:49:37.115+0000] {logging_mixin.py:137} INFO - [2024-11-12T07:49:37.115+0000] {dag.py:3427} INFO - Setting next_dagrun for svm_dag to 2024-11-11T00:00:00+00:00, run_after=2024-11-12T00:00:00+00:00
[2024-11-12T07:49:37.141+0000] {processor.py:175} INFO - Processing /opt/airflow/dags/svm_dag.py took 0.870 seconds
[2024-11-12T07:50:07.261+0000] {processor.py:153} INFO - Started process (PID=100) to work on /opt/airflow/dags/svm_dag.py
[2024-11-12T07:50:07.262+0000] {processor.py:743} INFO - Processing file /opt/airflow/dags/svm_dag.py for tasks to queue
[2024-11-12T07:50:07.263+0000] {logging_mixin.py:137} INFO - [2024-11-12T07:50:07.263+0000] {dagbag.py:538} INFO - Filling up the DagBag from /opt/airflow/dags/svm_dag.py
[2024-11-12T07:50:08.017+0000] {processor.py:753} INFO - DAG(s) dict_keys(['svm_dag']) retrieved from /opt/airflow/dags/svm_dag.py
[2024-11-12T07:50:08.048+0000] {logging_mixin.py:137} INFO - [2024-11-12T07:50:08.048+0000] {dag.py:2676} INFO - Sync 1 DAGs
[2024-11-12T07:50:08.069+0000] {logging_mixin.py:137} INFO - [2024-11-12T07:50:08.069+0000] {dag.py:3427} INFO - Setting next_dagrun for svm_dag to 2024-11-11T00:00:00+00:00, run_after=2024-11-12T00:00:00+00:00
[2024-11-12T07:50:08.093+0000] {processor.py:175} INFO - Processing /opt/airflow/dags/svm_dag.py took 0.836 seconds
[2024-11-12T07:50:38.655+0000] {processor.py:153} INFO - Started process (PID=106) to work on /opt/airflow/dags/svm_dag.py
[2024-11-12T07:50:38.659+0000] {processor.py:743} INFO - Processing file /opt/airflow/dags/svm_dag.py for tasks to queue
[2024-11-12T07:50:38.661+0000] {logging_mixin.py:137} INFO - [2024-11-12T07:50:38.661+0000] {dagbag.py:538} INFO - Filling up the DagBag from /opt/airflow/dags/svm_dag.py
[2024-11-12T07:50:39.637+0000] {processor.py:753} INFO - DAG(s) dict_keys(['svm_dag']) retrieved from /opt/airflow/dags/svm_dag.py
[2024-11-12T07:50:39.679+0000] {logging_mixin.py:137} INFO - [2024-11-12T07:50:39.678+0000] {dag.py:2676} INFO - Sync 1 DAGs
[2024-11-12T07:50:39.712+0000] {logging_mixin.py:137} INFO - [2024-11-12T07:50:39.712+0000] {dag.py:3427} INFO - Setting next_dagrun for svm_dag to 2024-11-11T00:00:00+00:00, run_after=2024-11-12T00:00:00+00:00
[2024-11-12T07:50:39.749+0000] {processor.py:175} INFO - Processing /opt/airflow/dags/svm_dag.py took 1.097 seconds
[2024-11-12T07:51:10.768+0000] {processor.py:153} INFO - Started process (PID=121) to work on /opt/airflow/dags/svm_dag.py
[2024-11-12T07:51:10.770+0000] {processor.py:743} INFO - Processing file /opt/airflow/dags/svm_dag.py for tasks to queue
[2024-11-12T07:51:10.771+0000] {logging_mixin.py:137} INFO - [2024-11-12T07:51:10.770+0000] {dagbag.py:538} INFO - Filling up the DagBag from /opt/airflow/dags/svm_dag.py
[2024-11-12T07:51:11.594+0000] {processor.py:753} INFO - DAG(s) dict_keys(['svm_dag']) retrieved from /opt/airflow/dags/svm_dag.py
[2024-11-12T07:51:11.630+0000] {logging_mixin.py:137} INFO - [2024-11-12T07:51:11.629+0000] {dag.py:2676} INFO - Sync 1 DAGs
[2024-11-12T07:51:11.660+0000] {logging_mixin.py:137} INFO - [2024-11-12T07:51:11.659+0000] {dag.py:3427} INFO - Setting next_dagrun for svm_dag to 2024-11-11T00:00:00+00:00, run_after=2024-11-12T00:00:00+00:00
[2024-11-12T07:51:11.683+0000] {processor.py:175} INFO - Processing /opt/airflow/dags/svm_dag.py took 0.919 seconds
[2024-11-12T07:51:42.024+0000] {processor.py:153} INFO - Started process (PID=141) to work on /opt/airflow/dags/svm_dag.py
[2024-11-12T07:51:42.027+0000] {processor.py:743} INFO - Processing file /opt/airflow/dags/svm_dag.py for tasks to queue
[2024-11-12T07:51:42.029+0000] {logging_mixin.py:137} INFO - [2024-11-12T07:51:42.029+0000] {dagbag.py:538} INFO - Filling up the DagBag from /opt/airflow/dags/svm_dag.py
[2024-11-12T07:51:43.210+0000] {processor.py:753} INFO - DAG(s) dict_keys(['svm_dag']) retrieved from /opt/airflow/dags/svm_dag.py
[2024-11-12T07:51:43.248+0000] {logging_mixin.py:137} INFO - [2024-11-12T07:51:43.248+0000] {dag.py:2676} INFO - Sync 1 DAGs
[2024-11-12T07:51:43.279+0000] {logging_mixin.py:137} INFO - [2024-11-12T07:51:43.278+0000] {dag.py:3427} INFO - Setting next_dagrun for svm_dag to 2024-11-11T00:00:00+00:00, run_after=2024-11-12T00:00:00+00:00
[2024-11-12T07:51:43.305+0000] {processor.py:175} INFO - Processing /opt/airflow/dags/svm_dag.py took 1.290 seconds
[2024-11-12T07:52:13.860+0000] {processor.py:153} INFO - Started process (PID=158) to work on /opt/airflow/dags/svm_dag.py
[2024-11-12T07:52:13.861+0000] {processor.py:743} INFO - Processing file /opt/airflow/dags/svm_dag.py for tasks to queue
[2024-11-12T07:52:13.862+0000] {logging_mixin.py:137} INFO - [2024-11-12T07:52:13.862+0000] {dagbag.py:538} INFO - Filling up the DagBag from /opt/airflow/dags/svm_dag.py
[2024-11-12T07:52:14.631+0000] {processor.py:753} INFO - DAG(s) dict_keys(['svm_dag']) retrieved from /opt/airflow/dags/svm_dag.py
[2024-11-12T07:52:14.661+0000] {logging_mixin.py:137} INFO - [2024-11-12T07:52:14.661+0000] {dag.py:2676} INFO - Sync 1 DAGs
[2024-11-12T07:52:14.691+0000] {logging_mixin.py:137} INFO - [2024-11-12T07:52:14.690+0000] {dag.py:3427} INFO - Setting next_dagrun for svm_dag to 2024-11-11T00:00:00+00:00, run_after=2024-11-12T00:00:00+00:00
[2024-11-12T07:52:14.714+0000] {processor.py:175} INFO - Processing /opt/airflow/dags/svm_dag.py took 0.858 seconds
[2024-11-12T07:52:44.932+0000] {processor.py:153} INFO - Started process (PID=175) to work on /opt/airflow/dags/svm_dag.py
[2024-11-12T07:52:44.934+0000] {processor.py:743} INFO - Processing file /opt/airflow/dags/svm_dag.py for tasks to queue
[2024-11-12T07:52:44.935+0000] {logging_mixin.py:137} INFO - [2024-11-12T07:52:44.935+0000] {dagbag.py:538} INFO - Filling up the DagBag from /opt/airflow/dags/svm_dag.py
[2024-11-12T07:52:45.835+0000] {processor.py:753} INFO - DAG(s) dict_keys(['svm_dag']) retrieved from /opt/airflow/dags/svm_dag.py
[2024-11-12T07:52:45.866+0000] {logging_mixin.py:137} INFO - [2024-11-12T07:52:45.866+0000] {dag.py:2676} INFO - Sync 1 DAGs
[2024-11-12T07:52:45.893+0000] {logging_mixin.py:137} INFO - [2024-11-12T07:52:45.893+0000] {dag.py:3427} INFO - Setting next_dagrun for svm_dag to 2024-11-11T00:00:00+00:00, run_after=2024-11-12T00:00:00+00:00
[2024-11-12T07:52:45.919+0000] {processor.py:175} INFO - Processing /opt/airflow/dags/svm_dag.py took 0.990 seconds
[2024-11-12T07:53:16.101+0000] {processor.py:153} INFO - Started process (PID=181) to work on /opt/airflow/dags/svm_dag.py
[2024-11-12T07:53:16.103+0000] {processor.py:743} INFO - Processing file /opt/airflow/dags/svm_dag.py for tasks to queue
[2024-11-12T07:53:16.103+0000] {logging_mixin.py:137} INFO - [2024-11-12T07:53:16.103+0000] {dagbag.py:538} INFO - Filling up the DagBag from /opt/airflow/dags/svm_dag.py
[2024-11-12T07:53:16.933+0000] {processor.py:753} INFO - DAG(s) dict_keys(['svm_dag']) retrieved from /opt/airflow/dags/svm_dag.py
[2024-11-12T07:53:16.964+0000] {logging_mixin.py:137} INFO - [2024-11-12T07:53:16.964+0000] {dag.py:2676} INFO - Sync 1 DAGs
[2024-11-12T07:53:16.988+0000] {logging_mixin.py:137} INFO - [2024-11-12T07:53:16.988+0000] {dag.py:3427} INFO - Setting next_dagrun for svm_dag to 2024-11-11T00:00:00+00:00, run_after=2024-11-12T00:00:00+00:00
[2024-11-12T07:53:17.015+0000] {processor.py:175} INFO - Processing /opt/airflow/dags/svm_dag.py took 0.918 seconds
[2024-11-12T07:53:47.275+0000] {processor.py:153} INFO - Started process (PID=187) to work on /opt/airflow/dags/svm_dag.py
[2024-11-12T07:53:47.276+0000] {processor.py:743} INFO - Processing file /opt/airflow/dags/svm_dag.py for tasks to queue
[2024-11-12T07:53:47.277+0000] {logging_mixin.py:137} INFO - [2024-11-12T07:53:47.277+0000] {dagbag.py:538} INFO - Filling up the DagBag from /opt/airflow/dags/svm_dag.py
[2024-11-12T07:53:48.155+0000] {processor.py:753} INFO - DAG(s) dict_keys(['svm_dag']) retrieved from /opt/airflow/dags/svm_dag.py
[2024-11-12T07:53:48.184+0000] {logging_mixin.py:137} INFO - [2024-11-12T07:53:48.183+0000] {dag.py:2676} INFO - Sync 1 DAGs
[2024-11-12T07:53:48.212+0000] {logging_mixin.py:137} INFO - [2024-11-12T07:53:48.212+0000] {dag.py:3427} INFO - Setting next_dagrun for svm_dag to 2024-11-11T00:00:00+00:00, run_after=2024-11-12T00:00:00+00:00
[2024-11-12T07:53:48.236+0000] {processor.py:175} INFO - Processing /opt/airflow/dags/svm_dag.py took 0.964 seconds
[2024-11-12T07:54:18.459+0000] {processor.py:153} INFO - Started process (PID=193) to work on /opt/airflow/dags/svm_dag.py
[2024-11-12T07:54:18.461+0000] {processor.py:743} INFO - Processing file /opt/airflow/dags/svm_dag.py for tasks to queue
[2024-11-12T07:54:18.462+0000] {logging_mixin.py:137} INFO - [2024-11-12T07:54:18.462+0000] {dagbag.py:538} INFO - Filling up the DagBag from /opt/airflow/dags/svm_dag.py
[2024-11-12T07:54:19.252+0000] {processor.py:753} INFO - DAG(s) dict_keys(['svm_dag']) retrieved from /opt/airflow/dags/svm_dag.py
[2024-11-12T07:54:19.285+0000] {logging_mixin.py:137} INFO - [2024-11-12T07:54:19.285+0000] {dag.py:2676} INFO - Sync 1 DAGs
[2024-11-12T07:54:19.321+0000] {logging_mixin.py:137} INFO - [2024-11-12T07:54:19.321+0000] {dag.py:3427} INFO - Setting next_dagrun for svm_dag to 2024-11-11T00:00:00+00:00, run_after=2024-11-12T00:00:00+00:00
[2024-11-12T07:54:19.352+0000] {processor.py:175} INFO - Processing /opt/airflow/dags/svm_dag.py took 0.898 seconds
[2024-11-12T07:54:49.584+0000] {processor.py:153} INFO - Started process (PID=199) to work on /opt/airflow/dags/svm_dag.py
[2024-11-12T07:54:49.585+0000] {processor.py:743} INFO - Processing file /opt/airflow/dags/svm_dag.py for tasks to queue
[2024-11-12T07:54:49.587+0000] {logging_mixin.py:137} INFO - [2024-11-12T07:54:49.587+0000] {dagbag.py:538} INFO - Filling up the DagBag from /opt/airflow/dags/svm_dag.py
[2024-11-12T07:54:50.315+0000] {processor.py:753} INFO - DAG(s) dict_keys(['svm_dag']) retrieved from /opt/airflow/dags/svm_dag.py
[2024-11-12T07:54:50.344+0000] {logging_mixin.py:137} INFO - [2024-11-12T07:54:50.344+0000] {dag.py:2676} INFO - Sync 1 DAGs
[2024-11-12T07:54:50.374+0000] {logging_mixin.py:137} INFO - [2024-11-12T07:54:50.374+0000] {dag.py:3427} INFO - Setting next_dagrun for svm_dag to 2024-11-11T00:00:00+00:00, run_after=2024-11-12T00:00:00+00:00
[2024-11-12T07:54:50.401+0000] {processor.py:175} INFO - Processing /opt/airflow/dags/svm_dag.py took 0.822 seconds
[2024-11-12T07:55:20.642+0000] {processor.py:153} INFO - Started process (PID=205) to work on /opt/airflow/dags/svm_dag.py
[2024-11-12T07:55:20.644+0000] {processor.py:743} INFO - Processing file /opt/airflow/dags/svm_dag.py for tasks to queue
[2024-11-12T07:55:20.645+0000] {logging_mixin.py:137} INFO - [2024-11-12T07:55:20.645+0000] {dagbag.py:538} INFO - Filling up the DagBag from /opt/airflow/dags/svm_dag.py
[2024-11-12T07:55:21.443+0000] {processor.py:753} INFO - DAG(s) dict_keys(['svm_dag']) retrieved from /opt/airflow/dags/svm_dag.py
[2024-11-12T07:55:21.474+0000] {logging_mixin.py:137} INFO - [2024-11-12T07:55:21.474+0000] {dag.py:2676} INFO - Sync 1 DAGs
[2024-11-12T07:55:21.503+0000] {logging_mixin.py:137} INFO - [2024-11-12T07:55:21.502+0000] {dag.py:3427} INFO - Setting next_dagrun for svm_dag to 2024-11-11T00:00:00+00:00, run_after=2024-11-12T00:00:00+00:00
[2024-11-12T07:55:21.530+0000] {processor.py:175} INFO - Processing /opt/airflow/dags/svm_dag.py took 0.895 seconds
